0 verbose cli C:\Program Files\nodejs\node.exe C:\Users\naser\AppData\Roaming\npm\node_modules\npm\bin\npm-cli.js
1 info using npm@11.1.0
2 info using node@v22.13.1
3 silly config load:file:C:\Users\naser\AppData\Roaming\npm\node_modules\npm\npmrc
4 silly config load:file:C:\savannah-informatics-technical-assessment\frontend\.npmrc
5 silly config load:file:C:\Users\naser\.npmrc
6 silly config load:file:C:\Users\naser\AppData\Roaming\npm\etc\npmrc
7 verbose title npm start
8 verbose argv "start"
9 verbose logfile logs-max:10 dir:C:\savannah-informatics-technical-assessment\frontend\Usersnasernpm-cache\_logs\2025-02-14T10_14_37_244Z-
10 verbose logfile C:\savannah-informatics-technical-assessment\frontend\Usersnasernpm-cache\_logs\2025-02-14T10_14_37_244Z-debug-0.log
11 silly logfile start cleaning logs, removing 1 files
12 silly logfile done cleaning log files
13 verbose stack Error: Could not read package.json: Error: ENOENT: no such file or directory, open 'C:\savannah-informatics-technical-assessment\frontend\package.json'
13 verbose stack     at async open (node:internal/fs/promises:638:25)
13 verbose stack     at async readFile (node:internal/fs/promises:1242:14)
13 verbose stack     at async read (C:\Users\naser\AppData\Roaming\npm\node_modules\npm\node_modules\@npmcli\package-json\lib\read-package.js:9:18)
13 verbose stack     at async PackageJson.load (C:\Users\naser\AppData\Roaming\npm\node_modules\npm\node_modules\@npmcli\package-json\lib\index.js:131:31)
13 verbose stack     at async PackageJson.normalize (C:\Users\naser\AppData\Roaming\npm\node_modules\npm\node_modules\@npmcli\package-json\lib\index.js:117:5)
13 verbose stack     at async #run (C:\Users\naser\AppData\Roaming\npm\node_modules\npm\lib\commands\run-script.js:86:13)
13 verbose stack     at async RunScript.exec (C:\Users\naser\AppData\Roaming\npm\node_modules\npm\lib\commands\run-script.js:40:7)
13 verbose stack     at async Npm.exec (C:\Users\naser\AppData\Roaming\npm\node_modules\npm\lib\npm.js:207:9)
13 verbose stack     at async module.exports (C:\Users\naser\AppData\Roaming\npm\node_modules\npm\lib\cli\entry.js:67:5)
14 error code ENOENT
15 error syscall open
16 error path C:\savannah-informatics-technical-assessment\frontend\package.json
17 error errno -4058
18 error enoent Could not read package.json: Error: ENOENT: no such file or directory, open 'C:\savannah-informatics-technical-assessment\frontend\package.json'
19 error enoent This is related to npm not being able to find a file.
19 error enoent
20 verbose cwd C:\savannah-informatics-technical-assessment\frontend
21 verbose os Windows_NT 10.0.19045
22 verbose node v22.13.1
23 verbose npm  v11.1.0
24 verbose exit -4058
25 verbose code -4058
26 error A complete log of this run can be found in: C:\savannah-informatics-technical-assessment\frontend\Usersnasernpm-cache\_logs\2025-02-14T10_14_37_244Z-debug-0.log
