0 verbose cli C:\Program Files\nodejs\node.exe C:\Users\naser\AppData\Roaming\npm\node_modules\npm\bin\npm-cli.js
1 info using npm@11.1.0
2 info using node@v22.13.1
3 silly config load:file:C:\Users\naser\AppData\Roaming\npm\node_modules\npm\npmrc
4 silly config load:file:C:\savannah-informatics-technical-assessment\frontend\.npmrc
5 silly config load:file:C:\Users\naser\.npmrc
6 silly config load:file:C:\Users\naser\AppData\Roaming\npm\etc\npmrc
7 verbose title npm install tailwindcss postcss autoprefixer
8 verbose argv "install" "--save-dev" "tailwindcss" "postcss" "autoprefixer"
9 verbose logfile logs-max:10 dir:C:\savannah-informatics-technical-assessment\frontend\Usersnasernpm-cache\_logs\2025-02-12T09_44_19_217Z-
10 verbose logfile C:\savannah-informatics-technical-assessment\frontend\Usersnasernpm-cache\_logs\2025-02-12T09_44_19_217Z-debug-0.log
11 silly logfile start cleaning logs, removing 1 files
12 silly packumentCache heap:2144075776 maxSize:536018944 maxEntrySize:268009472
13 silly logfile done cleaning log files
14 silly idealTree buildDeps
15 silly fetch manifest autoprefixer@^10.4.20
16 silly packumentCache full:https://registry.npmjs.org/autoprefixer cache-miss
17 http fetch GET 200 https://registry.npmjs.org/autoprefixer 1230ms (cache updated)
18 silly packumentCache full:https://registry.npmjs.org/autoprefixer set size:undefined disposed:false
19 silly fetch manifest postcss@^8.5.2
20 silly packumentCache full:https://registry.npmjs.org/postcss cache-miss
21 http fetch GET 200 https://registry.npmjs.org/postcss 252ms (cache updated)
22 silly packumentCache full:https://registry.npmjs.org/postcss set size:undefined disposed:false
23 silly fetch manifest tailwindcss@*
24 silly packumentCache full:https://registry.npmjs.org/tailwindcss cache-miss
25 http fetch GET 200 https://registry.npmjs.org/tailwindcss 360ms (cache updated)
26 silly packumentCache full:https://registry.npmjs.org/tailwindcss set size:undefined disposed:false
27 silly placeDep ROOT autoprefixer@10.4.20 REPLACE for: frontend@0.1.0 want: ^10.4.20
28 silly placeDep ROOT postcss@8.5.2 REPLACE for: frontend@0.1.0 want: ^8.5.2
29 silly placeDep ROOT tailwindcss@4.0.6 REPLACE for: frontend@0.1.0 want: *
30 silly fetch manifest typescript@^3.2.1 || ^4
31 silly packumentCache full:https://registry.npmjs.org/typescript cache-miss
32 http fetch GET 200 https://registry.npmjs.org/typescript 6321ms (cache updated)
33 silly packumentCache full:https://registry.npmjs.org/typescript set size:undefined disposed:false
34 silly fetch manifest tailwindcss@^3.0.2
35 silly packumentCache full:https://registry.npmjs.org/tailwindcss cache-miss
36 http cache https://registry.npmjs.org/tailwindcss 395ms (cache hit)
37 silly packumentCache full:https://registry.npmjs.org/tailwindcss set size:8052374 disposed:false
38 silly placeDep node_modules/react-scripts tailwindcss@3.4.17 OK for: react-scripts@5.0.1 want: ^3.0.2
39 silly placeDep ROOT typescript@4.9.5 REPLACE for: react-scripts@5.0.1 want: ^3.2.1 || ^4
40 silly fetch manifest arg@^5.0.2
41 silly packumentCache full:https://registry.npmjs.org/arg cache-miss
42 silly fetch manifest dlv@^1.1.3
43 silly packumentCache full:https://registry.npmjs.org/dlv cache-miss
44 silly fetch manifest jiti@^1.21.6
45 silly packumentCache full:https://registry.npmjs.org/jiti cache-miss
46 http fetch GET 200 https://registry.npmjs.org/dlv 6059ms (cache updated)
47 silly packumentCache full:https://registry.npmjs.org/dlv set size:undefined disposed:false
48 silly fetch manifest sucrase@^3.35.0
49 silly packumentCache full:https://registry.npmjs.org/sucrase cache-miss
50 http fetch GET 200 https://registry.npmjs.org/arg 6450ms (cache updated)
51 silly packumentCache full:https://registry.npmjs.org/arg set size:undefined disposed:false
52 silly fetch manifest lilconfig@^3.1.3
53 silly packumentCache full:https://registry.npmjs.org/lilconfig cache-miss
54 http fetch GET 200 https://registry.npmjs.org/jiti 6747ms (cache updated)
55 silly packumentCache full:https://registry.npmjs.org/jiti set size:undefined disposed:false
56 silly fetch manifest didyoumean@^1.2.2
57 silly packumentCache full:https://registry.npmjs.org/didyoumean cache-miss
58 http fetch GET 200 https://registry.npmjs.org/sucrase 1159ms (cache updated)
59 silly packumentCache full:https://registry.npmjs.org/sucrase set size:undefined disposed:false
60 silly fetch manifest postcss-js@^4.0.1
61 silly packumentCache full:https://registry.npmjs.org/postcss-js cache-miss
62 http fetch GET 200 https://registry.npmjs.org/lilconfig 1468ms (cache updated)
63 silly packumentCache full:https://registry.npmjs.org/lilconfig set size:undefined disposed:false
64 silly fetch manifest object-hash@^3.0.0
65 silly packumentCache full:https://registry.npmjs.org/object-hash cache-miss
66 http fetch GET 200 https://registry.npmjs.org/postcss-js 704ms (cache updated)
67 silly packumentCache full:https://registry.npmjs.org/postcss-js set size:undefined disposed:false
68 silly fetch manifest postcss-import@^15.1.0
69 silly packumentCache full:https://registry.npmjs.org/postcss-import cache-miss
70 http fetch GET 200 https://registry.npmjs.org/didyoumean 1185ms (cache updated)
71 silly packumentCache full:https://registry.npmjs.org/didyoumean set size:undefined disposed:false
72 silly fetch manifest postcss-nested@^6.2.0
73 silly packumentCache full:https://registry.npmjs.org/postcss-nested cache-miss
74 http fetch GET 200 https://registry.npmjs.org/postcss-nested 447ms (cache updated)
75 silly packumentCache full:https://registry.npmjs.org/postcss-nested set size:undefined disposed:false
76 silly fetch manifest @alloc/quick-lru@^5.2.0
77 silly packumentCache full:https://registry.npmjs.org/@alloc%2fquick-lru cache-miss
78 http fetch GET 200 https://registry.npmjs.org/object-hash 693ms (cache updated)
79 silly packumentCache full:https://registry.npmjs.org/object-hash set size:undefined disposed:false
80 silly fetch manifest postcss-load-config@^4.0.2
81 silly packumentCache full:https://registry.npmjs.org/postcss-load-config cache-miss
82 http fetch GET 200 https://registry.npmjs.org/postcss-import 801ms (cache updated)
83 silly packumentCache full:https://registry.npmjs.org/postcss-import set size:undefined disposed:false
84 http fetch GET 200 https://registry.npmjs.org/@alloc%2fquick-lru 297ms (cache updated)
85 silly packumentCache full:https://registry.npmjs.org/@alloc%2fquick-lru set size:undefined disposed:false
86 http fetch GET 200 https://registry.npmjs.org/postcss-load-config 854ms (cache updated)
87 silly packumentCache full:https://registry.npmjs.org/postcss-load-config set size:undefined disposed:false
88 silly fetch manifest postcss@^8.4.47
89 silly packumentCache full:https://registry.npmjs.org/postcss cache-miss
90 http cache https://registry.npmjs.org/postcss 376ms (cache hit)
91 silly packumentCache full:https://registry.npmjs.org/postcss set size:684249 disposed:false
92 silly fetch manifest ts-node@>=9.0.0
93 silly packumentCache full:https://registry.npmjs.org/ts-node cache-miss
94 http fetch GET 200 https://registry.npmjs.org/ts-node 401ms (cache updated)
95 silly packumentCache full:https://registry.npmjs.org/ts-node set size:undefined disposed:false
96 silly fetch manifest @swc/core@>=1.2.50
97 silly packumentCache full:https://registry.npmjs.org/@swc%2fcore cache-miss
98 http fetch GET 200 https://registry.npmjs.org/@swc%2fcore 1310ms (cache updated)
99 silly packumentCache full:https://registry.npmjs.org/@swc%2fcore set size:undefined disposed:false
100 silly fetch manifest @swc/helpers@*
101 silly packumentCache full:https://registry.npmjs.org/@swc%2fhelpers cache-miss
102 http fetch GET 200 https://registry.npmjs.org/@swc%2fhelpers 453ms (cache updated)
103 silly packumentCache full:https://registry.npmjs.org/@swc%2fhelpers set size:undefined disposed:false
104 silly fetch manifest @swc/wasm@>=1.2.50
105 silly packumentCache full:https://registry.npmjs.org/@swc%2fwasm cache-miss
106 http fetch GET 200 https://registry.npmjs.org/@swc%2fwasm 948ms (cache updated)
107 silly packumentCache full:https://registry.npmjs.org/@swc%2fwasm set size:undefined disposed:false
108 silly fetch manifest @types/node@*
109 silly packumentCache full:https://registry.npmjs.org/@types%2fnode cache-miss
110 http fetch GET 200 https://registry.npmjs.org/@types%2fnode 474ms (cache updated)
111 silly packumentCache full:https://registry.npmjs.org/@types%2fnode set size:undefined disposed:false
112 silly fetch manifest typescript@>=2.7
113 silly packumentCache full:https://registry.npmjs.org/typescript cache-miss
114 http cache https://registry.npmjs.org/typescript 796ms (cache hit)
115 silly packumentCache full:https://registry.npmjs.org/typescript set size:13821345 disposed:false
116 silly placeDep ROOT @alloc/quick-lru@5.2.0 OK for: tailwindcss@3.4.17 want: ^5.2.0
117 silly placeDep ROOT arg@5.0.2 OK for: tailwindcss@3.4.17 want: ^5.0.2
118 silly placeDep ROOT didyoumean@1.2.2 OK for: tailwindcss@3.4.17 want: ^1.2.2
119 silly placeDep ROOT dlv@1.1.3 OK for: tailwindcss@3.4.17 want: ^1.1.3
120 silly placeDep ROOT jiti@1.21.7 OK for: tailwindcss@3.4.17 want: ^1.21.6
121 silly placeDep node_modules/react-scripts lilconfig@3.1.3 OK for: tailwindcss@3.4.17 want: ^3.1.3
122 silly placeDep ROOT object-hash@3.0.0 OK for: tailwindcss@3.4.17 want: ^3.0.0
123 silly placeDep ROOT postcss-import@15.1.0 OK for: tailwindcss@3.4.17 want: ^15.1.0
124 silly placeDep ROOT postcss-js@4.0.1 OK for: tailwindcss@3.4.17 want: ^4.0.1
125 silly placeDep ROOT postcss-load-config@4.0.2 OK for: tailwindcss@3.4.17 want: ^4.0.2
126 silly placeDep ROOT postcss-nested@6.2.0 OK for: tailwindcss@3.4.17 want: ^6.2.0
127 silly placeDep ROOT sucrase@3.35.0 OK for: tailwindcss@3.4.17 want: ^3.35.0
128 silly fetch manifest read-cache@^1.0.0
129 silly packumentCache full:https://registry.npmjs.org/read-cache cache-miss
130 silly fetch manifest camelcase-css@^2.0.1
131 silly packumentCache full:https://registry.npmjs.org/camelcase-css cache-miss
132 silly fetch manifest yaml@^2.3.4
133 silly packumentCache full:https://registry.npmjs.org/yaml cache-miss
134 http fetch GET 200 https://registry.npmjs.org/camelcase-css 143ms (cache updated)
135 silly packumentCache full:https://registry.npmjs.org/camelcase-css set size:undefined disposed:false
136 silly fetch manifest lilconfig@^3.0.0
137 silly packumentCache full:https://registry.npmjs.org/lilconfig cache-miss
138 http cache https://registry.npmjs.org/lilconfig 136ms (cache hit)
139 silly packumentCache full:https://registry.npmjs.org/lilconfig set size:45636 disposed:false
140 silly fetch manifest commander@^4.0.0
141 silly packumentCache full:https://registry.npmjs.org/commander cache-miss
142 http fetch GET 200 https://registry.npmjs.org/yaml 461ms (cache updated)
143 silly packumentCache full:https://registry.npmjs.org/yaml set size:undefined disposed:false
144 silly fetch manifest glob@^10.3.10
145 silly packumentCache full:https://registry.npmjs.org/glob cache-miss
146 http fetch GET 200 https://registry.npmjs.org/read-cache 469ms (cache updated)
147 silly packumentCache full:https://registry.npmjs.org/read-cache set size:undefined disposed:false
148 silly fetch manifest mz@^2.7.0
149 silly packumentCache full:https://registry.npmjs.org/mz cache-miss
150 http fetch GET 200 https://registry.npmjs.org/commander 380ms (cache updated)
151 silly packumentCache full:https://registry.npmjs.org/commander set size:undefined disposed:false
152 silly fetch manifest ts-interface-checker@^0.1.9
153 silly packumentCache full:https://registry.npmjs.org/ts-interface-checker cache-miss
154 http fetch GET 200 https://registry.npmjs.org/mz 240ms (cache updated)
155 silly packumentCache full:https://registry.npmjs.org/mz set size:undefined disposed:false
156 http fetch GET 200 https://registry.npmjs.org/ts-interface-checker 154ms (cache updated)
157 silly packumentCache full:https://registry.npmjs.org/ts-interface-checker set size:undefined disposed:false
158 http fetch GET 200 https://registry.npmjs.org/glob 440ms (cache updated)
159 silly packumentCache full:https://registry.npmjs.org/glob set size:undefined disposed:false
160 silly placeDep ROOT read-cache@1.0.0 OK for: postcss-import@15.1.0 want: ^1.0.0
161 silly fetch manifest pify@^2.3.0
162 silly packumentCache full:https://registry.npmjs.org/pify cache-miss
163 http fetch GET 200 https://registry.npmjs.org/pify 186ms (cache updated)
164 silly packumentCache full:https://registry.npmjs.org/pify set size:undefined disposed:false
165 silly placeDep ROOT camelcase-css@2.0.1 OK for: postcss-js@4.0.1 want: ^2.0.1
166 silly placeDep node_modules/postcss-load-config lilconfig@3.1.3 OK for: postcss-load-config@4.0.2 want: ^3.0.0
167 silly placeDep node_modules/postcss-load-config yaml@2.7.0 OK for: postcss-load-config@4.0.2 want: ^2.3.4
168 silly placeDep ROOT pify@2.3.0 OK for: read-cache@1.0.0 want: ^2.3.0
169 silly placeDep node_modules/sucrase commander@4.1.1 OK for: sucrase@3.35.0 want: ^4.0.0
170 silly placeDep node_modules/sucrase glob@10.4.5 OK for: sucrase@3.35.0 want: ^10.3.10
171 silly placeDep ROOT mz@2.7.0 OK for: sucrase@3.35.0 want: ^2.7.0
172 silly placeDep ROOT ts-interface-checker@0.1.13 OK for: sucrase@3.35.0 want: ^0.1.9
173 silly fetch manifest minipass@^7.1.2
174 silly packumentCache full:https://registry.npmjs.org/minipass cache-miss
175 silly fetch manifest jackspeak@^3.1.2
176 silly packumentCache full:https://registry.npmjs.org/jackspeak cache-miss
177 silly fetch manifest minimatch@^9.0.4
178 silly packumentCache full:https://registry.npmjs.org/minimatch cache-miss
179 http fetch GET 200 https://registry.npmjs.org/minipass 313ms (cache updated)
180 silly packumentCache full:https://registry.npmjs.org/minipass set size:undefined disposed:false
181 silly fetch manifest path-scurry@^1.11.1
182 silly packumentCache full:https://registry.npmjs.org/path-scurry cache-miss
183 http fetch GET 200 https://registry.npmjs.org/jackspeak 334ms (cache updated)
184 silly packumentCache full:https://registry.npmjs.org/jackspeak set size:undefined disposed:false
185 silly fetch manifest foreground-child@^3.1.0
186 silly packumentCache full:https://registry.npmjs.org/foreground-child cache-miss
187 http fetch GET 200 https://registry.npmjs.org/minimatch 439ms (cache updated)
188 silly packumentCache full:https://registry.npmjs.org/minimatch set size:undefined disposed:false
189 silly fetch manifest package-json-from-dist@^1.0.0
190 silly packumentCache full:https://registry.npmjs.org/package-json-from-dist cache-miss
191 http fetch GET 200 https://registry.npmjs.org/path-scurry 145ms (cache updated)
192 silly packumentCache full:https://registry.npmjs.org/path-scurry set size:undefined disposed:false
193 silly fetch manifest any-promise@^1.0.0
194 silly packumentCache full:https://registry.npmjs.org/any-promise cache-miss
195 http fetch GET 200 https://registry.npmjs.org/foreground-child 128ms (cache updated)
196 silly packumentCache full:https://registry.npmjs.org/foreground-child set size:undefined disposed:false
197 silly fetch manifest thenify-all@^1.0.0
198 silly packumentCache full:https://registry.npmjs.org/thenify-all cache-miss
199 http fetch GET 200 https://registry.npmjs.org/thenify-all 311ms (cache updated)
200 silly packumentCache full:https://registry.npmjs.org/thenify-all set size:undefined disposed:false
201 http fetch GET 200 https://registry.npmjs.org/any-promise 317ms (cache updated)
202 silly packumentCache full:https://registry.npmjs.org/any-promise set size:undefined disposed:false
203 http fetch GET 200 https://registry.npmjs.org/package-json-from-dist 431ms (cache updated)
204 silly packumentCache full:https://registry.npmjs.org/package-json-from-dist set size:undefined disposed:false
205 silly placeDep ROOT any-promise@1.3.0 OK for: mz@2.7.0 want: ^1.0.0
206 silly placeDep ROOT thenify-all@1.6.0 OK for: mz@2.7.0 want: ^1.0.0
207 silly fetch manifest thenify@>= 3.1.0 < 4
208 silly packumentCache full:https://registry.npmjs.org/thenify cache-miss
209 http fetch GET 200 https://registry.npmjs.org/thenify 164ms (cache updated)
210 silly packumentCache full:https://registry.npmjs.org/thenify set size:undefined disposed:false
211 silly placeDep ROOT thenify@3.3.1 OK for: thenify-all@1.6.0 want: >= 3.1.0 < 4
212 silly placeDep ROOT foreground-child@3.3.0 OK for: glob@10.4.5 want: ^3.1.0
213 silly placeDep ROOT jackspeak@3.4.3 OK for: glob@10.4.5 want: ^3.1.2
214 silly placeDep node_modules/sucrase minimatch@9.0.5 OK for: glob@10.4.5 want: ^9.0.4
215 silly placeDep ROOT minipass@7.1.2 OK for: glob@10.4.5 want: ^7.1.2
216 silly placeDep ROOT package-json-from-dist@1.0.1 OK for: glob@10.4.5 want: ^1.0.0
217 silly placeDep ROOT path-scurry@1.11.1 OK for: glob@10.4.5 want: ^1.11.1
218 silly fetch manifest signal-exit@^4.0.1
219 silly packumentCache full:https://registry.npmjs.org/signal-exit cache-miss
220 silly fetch manifest @isaacs/cliui@^8.0.2
221 silly packumentCache full:https://registry.npmjs.org/@isaacs%2fcliui cache-miss
222 silly fetch manifest @pkgjs/parseargs@^0.11.0
223 silly packumentCache full:https://registry.npmjs.org/@pkgjs%2fparseargs cache-miss
224 http fetch GET 200 https://registry.npmjs.org/signal-exit 230ms (cache updated)
225 silly packumentCache full:https://registry.npmjs.org/signal-exit set size:undefined disposed:false
226 silly fetch manifest brace-expansion@^2.0.1
227 silly packumentCache full:https://registry.npmjs.org/brace-expansion cache-miss
228 http fetch GET 200 https://registry.npmjs.org/@isaacs%2fcliui 347ms (cache updated)
229 silly packumentCache full:https://registry.npmjs.org/@isaacs%2fcliui set size:undefined disposed:false
230 silly fetch manifest lru-cache@^10.2.0
231 silly packumentCache full:https://registry.npmjs.org/lru-cache cache-miss
232 http fetch GET 200 https://registry.npmjs.org/brace-expansion 136ms (cache updated)
233 silly packumentCache full:https://registry.npmjs.org/brace-expansion set size:undefined disposed:false
234 http fetch GET 200 https://registry.npmjs.org/@pkgjs%2fparseargs 471ms (cache updated)
235 silly packumentCache full:https://registry.npmjs.org/@pkgjs%2fparseargs set size:undefined disposed:false
236 http fetch GET 200 https://registry.npmjs.org/lru-cache 261ms (cache updated)
237 silly packumentCache full:https://registry.npmjs.org/lru-cache set size:undefined disposed:false
238 silly placeDep node_modules/foreground-child signal-exit@4.1.0 OK for: foreground-child@3.3.0 want: ^4.0.1
239 silly placeDep ROOT @isaacs/cliui@8.0.2 OK for: jackspeak@3.4.3 want: ^8.0.2
240 silly placeDep ROOT @pkgjs/parseargs@0.11.0 OK for: jackspeak@3.4.3 want: ^0.11.0
241 silly fetch manifest string-width@^5.1.2
242 silly packumentCache full:https://registry.npmjs.org/string-width cache-miss
243 silly fetch manifest string-width-cjs@npm:string-width@^4.2.0
244 silly packumentCache full:https://registry.npmjs.org/string-width cache-miss
245 silly fetch manifest strip-ansi@^7.0.1
246 silly packumentCache full:https://registry.npmjs.org/strip-ansi cache-miss
247 http fetch GET 200 https://registry.npmjs.org/strip-ansi 98ms (cache updated)
248 silly packumentCache full:https://registry.npmjs.org/strip-ansi set size:undefined disposed:false
249 silly fetch manifest strip-ansi-cjs@npm:strip-ansi@^6.0.1
250 silly packumentCache full:https://registry.npmjs.org/strip-ansi cache-miss
251 http cache https://registry.npmjs.org/strip-ansi 385ms (cache hit)
252 silly packumentCache full:https://registry.npmjs.org/strip-ansi set size:43180 disposed:false
253 silly fetch manifest wrap-ansi@^8.1.0
254 silly packumentCache full:https://registry.npmjs.org/wrap-ansi cache-miss
255 http fetch GET 200 https://registry.npmjs.org/string-width 1680ms (cache updated)
256 silly packumentCache full:https://registry.npmjs.org/string-width set size:undefined disposed:false
257 silly fetch manifest wrap-ansi-cjs@npm:wrap-ansi@^7.0.0
258 silly packumentCache full:https://registry.npmjs.org/wrap-ansi cache-miss
259 http fetch GET 200 https://registry.npmjs.org/string-width 1683ms (cache updated)
260 silly packumentCache full:https://registry.npmjs.org/string-width set size:undefined disposed:false
261 http fetch GET 200 https://registry.npmjs.org/wrap-ansi 1611ms (cache updated)
262 silly packumentCache full:https://registry.npmjs.org/wrap-ansi set size:undefined disposed:false
263 http fetch GET 200 https://registry.npmjs.org/wrap-ansi 420ms (cache updated)
264 silly packumentCache full:https://registry.npmjs.org/wrap-ansi set size:undefined disposed:false
265 silly placeDep node_modules/@isaacs/cliui string-width@5.1.2 OK for: @isaacs/cliui@8.0.2 want: ^5.1.2
266 silly placeDep ROOT string-width-cjs@4.2.3 OK for: @isaacs/cliui@8.0.2 want: npm:string-width@^4.2.0
267 silly placeDep node_modules/@isaacs/cliui strip-ansi@7.1.0 OK for: @isaacs/cliui@8.0.2 want: ^7.0.1
268 silly placeDep ROOT strip-ansi-cjs@6.0.1 OK for: @isaacs/cliui@8.0.2 want: npm:strip-ansi@^6.0.1
269 silly placeDep node_modules/@isaacs/cliui wrap-ansi@8.1.0 OK for: @isaacs/cliui@8.0.2 want: ^8.1.0
270 silly placeDep ROOT wrap-ansi-cjs@7.0.0 OK for: @isaacs/cliui@8.0.2 want: npm:wrap-ansi@^7.0.0
271 silly fetch manifest eastasianwidth@^0.2.0
272 silly packumentCache full:https://registry.npmjs.org/eastasianwidth cache-miss
273 silly fetch manifest emoji-regex@^8.0.0
274 silly packumentCache full:https://registry.npmjs.org/emoji-regex cache-miss
275 silly fetch manifest ansi-regex@^6.0.1
276 silly packumentCache full:https://registry.npmjs.org/ansi-regex cache-miss
277 http fetch GET 200 https://registry.npmjs.org/eastasianwidth 839ms (cache updated)
278 silly packumentCache full:https://registry.npmjs.org/eastasianwidth set size:undefined disposed:false
279 silly fetch manifest ansi-styles@^6.1.0
280 silly packumentCache full:https://registry.npmjs.org/ansi-styles cache-miss
281 http fetch GET 200 https://registry.npmjs.org/emoji-regex 902ms (cache updated)
282 silly packumentCache full:https://registry.npmjs.org/emoji-regex set size:undefined disposed:false
283 http fetch GET 200 https://registry.npmjs.org/ansi-styles 170ms (cache updated)
284 silly packumentCache full:https://registry.npmjs.org/ansi-styles set size:undefined disposed:false
285 http fetch GET 200 https://registry.npmjs.org/ansi-regex 1010ms (cache updated)
286 silly packumentCache full:https://registry.npmjs.org/ansi-regex set size:undefined disposed:false
287 silly placeDep node_modules/path-scurry lru-cache@10.4.3 OK for: path-scurry@1.11.1 want: ^10.2.0
288 silly placeDep node_modules/string-width-cjs emoji-regex@8.0.0 OK for: string-width@4.2.3 want: ^8.0.0
289 silly placeDep ROOT eastasianwidth@0.2.0 OK for: string-width@5.1.2 want: ^0.2.0
290 silly placeDep node_modules/@isaacs/cliui ansi-regex@6.1.0 OK for: strip-ansi@7.1.0 want: ^6.0.1
291 silly placeDep node_modules/@isaacs/cliui ansi-styles@6.2.1 OK for: wrap-ansi@8.1.0 want: ^6.1.0
292 silly placeDep node_modules/sucrase brace-expansion@2.0.1 OK for: minimatch@9.0.5 want: ^2.0.1
293 silly reify mark retired [
293 silly reify   'C:\\savannah-informatics-technical-assessment\\frontend\\node_modules\\tailwindcss',
293 silly reify   'C:\\savannah-informatics-technical-assessment\\frontend\\node_modules\\.bin\\tailwind',
293 silly reify   'C:\\savannah-informatics-technical-assessment\\frontend\\node_modules\\.bin\\tailwind.cmd',
293 silly reify   'C:\\savannah-informatics-technical-assessment\\frontend\\node_modules\\.bin\\tailwind.ps1',
293 silly reify   'C:\\savannah-informatics-technical-assessment\\frontend\\node_modules\\.bin\\tailwindcss',
293 silly reify   'C:\\savannah-informatics-technical-assessment\\frontend\\node_modules\\.bin\\tailwindcss.cmd',
293 silly reify   'C:\\savannah-informatics-technical-assessment\\frontend\\node_modules\\.bin\\tailwindcss.ps1'
293 silly reify ]
294 silly reify mark retired [
294 silly reify   'C:\\savannah-informatics-technical-assessment\\frontend\\node_modules\\typescript',
294 silly reify   'C:\\savannah-informatics-technical-assessment\\frontend\\node_modules\\.bin\\tsc',
294 silly reify   'C:\\savannah-informatics-technical-assessment\\frontend\\node_modules\\.bin\\tsc.cmd',
294 silly reify   'C:\\savannah-informatics-technical-assessment\\frontend\\node_modules\\.bin\\tsc.ps1',
294 silly reify   'C:\\savannah-informatics-technical-assessment\\frontend\\node_modules\\.bin\\tsserver',
294 silly reify   'C:\\savannah-informatics-technical-assessment\\frontend\\node_modules\\.bin\\tsserver.cmd',
294 silly reify   'C:\\savannah-informatics-technical-assessment\\frontend\\node_modules\\.bin\\tsserver.ps1'
294 silly reify ]
295 silly reify moves {
295 silly reify   'C:\\savannah-informatics-technical-assessment\\frontend\\node_modules\\tailwindcss': 'C:\\savannah-informatics-technical-assessment\\frontend\\node_modules\\.tailwindcss-OiANFAKL',
295 silly reify   'C:\\savannah-informatics-technical-assessment\\frontend\\node_modules\\.bin\\tailwind': 'C:\\savannah-informatics-technical-assessment\\frontend\\node_modules\\.bin\\.tailwind-q4zlR2UJ',
295 silly reify   'C:\\savannah-informatics-technical-assessment\\frontend\\node_modules\\.bin\\tailwind.cmd': 'C:\\savannah-informatics-technical-assessment\\frontend\\node_modules\\.bin\\.tailwind.cmd-RyfF3yRs',
295 silly reify   'C:\\savannah-informatics-technical-assessment\\frontend\\node_modules\\.bin\\tailwind.ps1': 'C:\\savannah-informatics-technical-assessment\\frontend\\node_modules\\.bin\\.tailwind.ps1-LHnpTctK',
295 silly reify   'C:\\savannah-informatics-technical-assessment\\frontend\\node_modules\\.bin\\tailwindcss': 'C:\\savannah-informatics-technical-assessment\\frontend\\node_modules\\.bin\\.tailwindcss-71axQcSa',
295 silly reify   'C:\\savannah-informatics-technical-assessment\\frontend\\node_modules\\.bin\\tailwindcss.cmd': 'C:\\savannah-informatics-technical-assessment\\frontend\\node_modules\\.bin\\.tailwindcss.cmd-netthCPF',
295 silly reify   'C:\\savannah-informatics-technical-assessment\\frontend\\node_modules\\.bin\\tailwindcss.ps1': 'C:\\savannah-informatics-technical-assessment\\frontend\\node_modules\\.bin\\.tailwindcss.ps1-Kd2R2v8j',
295 silly reify   'C:\\savannah-informatics-technical-assessment\\frontend\\node_modules\\typescript': 'C:\\savannah-informatics-technical-assessment\\frontend\\node_modules\\.typescript-YL7FTRyR',
295 silly reify   'C:\\savannah-informatics-technical-assessment\\frontend\\node_modules\\.bin\\tsc': 'C:\\savannah-informatics-technical-assessment\\frontend\\node_modules\\.bin\\.tsc-H07n1AbD',
295 silly reify   'C:\\savannah-informatics-technical-assessment\\frontend\\node_modules\\.bin\\tsc.cmd': 'C:\\savannah-informatics-technical-assessment\\frontend\\node_modules\\.bin\\.tsc.cmd-KRyyBBia',
295 silly reify   'C:\\savannah-informatics-technical-assessment\\frontend\\node_modules\\.bin\\tsc.ps1': 'C:\\savannah-informatics-technical-assessment\\frontend\\node_modules\\.bin\\.tsc.ps1-nFwxZ464',
295 silly reify   'C:\\savannah-informatics-technical-assessment\\frontend\\node_modules\\.bin\\tsserver': 'C:\\savannah-informatics-technical-assessment\\frontend\\node_modules\\.bin\\.tsserver-j5sGts7G',
295 silly reify   'C:\\savannah-informatics-technical-assessment\\frontend\\node_modules\\.bin\\tsserver.cmd': 'C:\\savannah-informatics-technical-assessment\\frontend\\node_modules\\.bin\\.tsserver.cmd-8dilRE9w',
295 silly reify   'C:\\savannah-informatics-technical-assessment\\frontend\\node_modules\\.bin\\tsserver.ps1': 'C:\\savannah-informatics-technical-assessment\\frontend\\node_modules\\.bin\\.tsserver.ps1-QNZseaVB'
295 silly reify }
296 silly audit bulk request {
296 silly audit   '@ampproject/remapping': [ '2.3.0' ],
296 silly audit   '@babel/code-frame': [ '7.26.2' ],
296 silly audit   '@babel/compat-data': [ '7.26.8' ],
296 silly audit   '@babel/core': [ '7.26.8' ],
296 silly audit   semver: [ '6.3.1', '7.7.1' ],
296 silly audit   '@babel/eslint-parser': [ '7.26.8' ],
296 silly audit   'eslint-visitor-keys': [ '2.1.0', '3.4.3' ],
296 silly audit   '@babel/generator': [ '7.26.8' ],
296 silly audit   '@babel/helper-annotate-as-pure': [ '7.25.9' ],
296 silly audit   '@babel/helper-compilation-targets': [ '7.26.5' ],
296 silly audit   '@babel/helper-create-class-features-plugin': [ '7.25.9' ],
296 silly audit   '@babel/helper-create-regexp-features-plugin': [ '7.26.3' ],
296 silly audit   '@babel/helper-define-polyfill-provider': [ '0.6.3' ],
296 silly audit   '@babel/helper-member-expression-to-functions': [ '7.25.9' ],
296 silly audit   '@babel/helper-module-imports': [ '7.25.9' ],
296 silly audit   '@babel/helper-module-transforms': [ '7.26.0' ],
296 silly audit   '@babel/helper-optimise-call-expression': [ '7.25.9' ],
296 silly audit   '@babel/helper-plugin-utils': [ '7.26.5' ],
296 silly audit   '@babel/helper-remap-async-to-generator': [ '7.25.9' ],
296 silly audit   '@babel/helper-replace-supers': [ '7.26.5' ],
296 silly audit   '@babel/helper-skip-transparent-expression-wrappers': [ '7.25.9' ],
296 silly audit   '@babel/helper-string-parser': [ '7.25.9' ],
296 silly audit   '@babel/helper-validator-identifier': [ '7.25.9' ],
296 silly audit   '@babel/helper-validator-option': [ '7.25.9' ],
296 silly audit   '@babel/helper-wrap-function': [ '7.25.9' ],
296 silly audit   '@babel/helpers': [ '7.26.7' ],
296 silly audit   '@babel/parser': [ '7.26.8' ],
296 silly audit   '@babel/plugin-bugfix-firefox-class-in-computed-class-key': [ '7.25.9' ],
296 silly audit   '@babel/plugin-bugfix-safari-class-field-initializer-scope': [ '7.25.9' ],
296 silly audit   '@babel/plugin-bugfix-safari-id-destructuring-collision-in-function-expression': [ '7.25.9' ],
296 silly audit   '@babel/plugin-bugfix-v8-spread-parameters-in-optional-chaining': [ '7.25.9' ],
296 silly audit   '@babel/plugin-bugfix-v8-static-class-fields-redefine-readonly': [ '7.25.9' ],
296 silly audit   '@babel/plugin-proposal-class-properties': [ '7.18.6' ],
296 silly audit   '@babel/plugin-proposal-decorators': [ '7.25.9' ],
296 silly audit   '@babel/plugin-proposal-nullish-coalescing-operator': [ '7.18.6' ],
296 silly audit   '@babel/plugin-proposal-numeric-separator': [ '7.18.6' ],
296 silly audit   '@babel/plugin-proposal-optional-chaining': [ '7.21.0' ],
296 silly audit   '@babel/plugin-proposal-private-methods': [ '7.18.6' ],
296 silly audit   '@babel/plugin-proposal-private-property-in-object': [ '7.21.0-placeholder-for-preset-env.2' ],
296 silly audit   '@babel/plugin-syntax-async-generators': [ '7.8.4' ],
296 silly audit   '@babel/plugin-syntax-bigint': [ '7.8.3' ],
296 silly audit   '@babel/plugin-syntax-class-properties': [ '7.12.13' ],
296 silly audit   '@babel/plugin-syntax-class-static-block': [ '7.14.5' ],
296 silly audit   '@babel/plugin-syntax-decorators': [ '7.25.9' ],
296 silly audit   '@babel/plugin-syntax-flow': [ '7.26.0' ],
296 silly audit   '@babel/plugin-syntax-import-assertions': [ '7.26.0' ],
296 silly audit   '@babel/plugin-syntax-import-attributes': [ '7.26.0' ],
296 silly audit   '@babel/plugin-syntax-import-meta': [ '7.10.4' ],
296 silly audit   '@babel/plugin-syntax-json-strings': [ '7.8.3' ],
296 silly audit   '@babel/plugin-syntax-jsx': [ '7.25.9' ],
296 silly audit   '@babel/plugin-syntax-logical-assignment-operators': [ '7.10.4' ],
296 silly audit   '@babel/plugin-syntax-nullish-coalescing-operator': [ '7.8.3' ],
296 silly audit   '@babel/plugin-syntax-numeric-separator': [ '7.10.4' ],
296 silly audit   '@babel/plugin-syntax-object-rest-spread': [ '7.8.3' ],
296 silly audit   '@babel/plugin-syntax-optional-catch-binding': [ '7.8.3' ],
296 silly audit   '@babel/plugin-syntax-optional-chaining': [ '7.8.3' ],
296 silly audit   '@babel/plugin-syntax-private-property-in-object': [ '7.14.5' ],
296 silly audit   '@babel/plugin-syntax-top-level-await': [ '7.14.5' ],
296 silly audit   '@babel/plugin-syntax-typescript': [ '7.25.9' ],
296 silly audit   '@babel/plugin-syntax-unicode-sets-regex': [ '7.18.6' ],
296 silly audit   '@babel/plugin-transform-arrow-functions': [ '7.25.9' ],
296 silly audit   '@babel/plugin-transform-async-generator-functions': [ '7.26.8' ],
296 silly audit   '@babel/plugin-transform-async-to-generator': [ '7.25.9' ],
296 silly audit   '@babel/plugin-transform-block-scoped-functions': [ '7.26.5' ],
296 silly audit   '@babel/plugin-transform-block-scoping': [ '7.25.9' ],
296 silly audit   '@babel/plugin-transform-class-properties': [ '7.25.9' ],
296 silly audit   '@babel/plugin-transform-class-static-block': [ '7.26.0' ],
296 silly audit   '@babel/plugin-transform-classes': [ '7.25.9' ],
296 silly audit   '@babel/plugin-transform-computed-properties': [ '7.25.9' ],
296 silly audit   '@babel/plugin-transform-destructuring': [ '7.25.9' ],
296 silly audit   '@babel/plugin-transform-dotall-regex': [ '7.25.9' ],
296 silly audit   '@babel/plugin-transform-duplicate-keys': [ '7.25.9' ],
296 silly audit   '@babel/plugin-transform-duplicate-named-capturing-groups-regex': [ '7.25.9' ],
296 silly audit   '@babel/plugin-transform-dynamic-import': [ '7.25.9' ],
296 silly audit   '@babel/plugin-transform-exponentiation-operator': [ '7.26.3' ],
296 silly audit   '@babel/plugin-transform-export-namespace-from': [ '7.25.9' ],
296 silly audit   '@babel/plugin-transform-flow-strip-types': [ '7.26.5' ],
296 silly audit   '@babel/plugin-transform-for-of': [ '7.25.9' ],
296 silly audit   '@babel/plugin-transform-function-name': [ '7.25.9' ],
296 silly audit   '@babel/plugin-transform-json-strings': [ '7.25.9' ],
296 silly audit   '@babel/plugin-transform-literals': [ '7.25.9' ],
296 silly audit   '@babel/plugin-transform-logical-assignment-operators': [ '7.25.9' ],
296 silly audit   '@babel/plugin-transform-member-expression-literals': [ '7.25.9' ],
296 silly audit   '@babel/plugin-transform-modules-amd': [ '7.25.9' ],
296 silly audit   '@babel/plugin-transform-modules-commonjs': [ '7.26.3' ],
296 silly audit   '@babel/plugin-transform-modules-systemjs': [ '7.25.9' ],
296 silly audit   '@babel/plugin-transform-modules-umd': [ '7.25.9' ],
296 silly audit   '@babel/plugin-transform-named-capturing-groups-regex': [ '7.25.9' ],
296 silly audit   '@babel/plugin-transform-new-target': [ '7.25.9' ],
296 silly audit   '@babel/plugin-transform-nullish-coalescing-operator': [ '7.26.6' ],
296 silly audit   '@babel/plugin-transform-numeric-separator': [ '7.25.9' ],
296 silly audit   '@babel/plugin-transform-object-rest-spread': [ '7.25.9' ],
296 silly audit   '@babel/plugin-transform-object-super': [ '7.25.9' ],
296 silly audit   '@babel/plugin-transform-optional-catch-binding': [ '7.25.9' ],
296 silly audit   '@babel/plugin-transform-optional-chaining': [ '7.25.9' ],
296 silly audit   '@babel/plugin-transform-parameters': [ '7.25.9' ],
296 silly audit   '@babel/plugin-transform-private-methods': [ '7.25.9' ],
296 silly audit   '@babel/plugin-transform-private-property-in-object': [ '7.25.9' ],
296 silly audit   '@babel/plugin-transform-property-literals': [ '7.25.9' ],
296 silly audit   '@babel/plugin-transform-react-constant-elements': [ '7.25.9' ],
296 silly audit   '@babel/plugin-transform-react-display-name': [ '7.25.9' ],
296 silly audit   '@babel/plugin-transform-react-jsx': [ '7.25.9' ],
296 silly audit   '@babel/plugin-transform-react-jsx-development': [ '7.25.9' ],
296 silly audit   '@babel/plugin-transform-react-pure-annotations': [ '7.25.9' ],
296 silly audit   '@babel/plugin-transform-regenerator': [ '7.25.9' ],
296 silly audit   '@babel/plugin-transform-regexp-modifiers': [ '7.26.0' ],
296 silly audit   '@babel/plugin-transform-reserved-words': [ '7.25.9' ],
296 silly audit   '@babel/plugin-transform-runtime': [ '7.26.8' ],
296 silly audit   'babel-plugin-polyfill-corejs3': [ '0.10.6', '0.11.1' ],
296 silly audit   '@babel/plugin-transform-shorthand-properties': [ '7.25.9' ],
296 silly audit   '@babel/plugin-transform-spread': [ '7.25.9' ],
296 silly audit   '@babel/plugin-transform-sticky-regex': [ '7.25.9' ],
296 silly audit   '@babel/plugin-transform-template-literals': [ '7.26.8' ],
296 silly audit   '@babel/plugin-transform-typeof-symbol': [ '7.26.7' ],
296 silly audit   '@babel/plugin-transform-typescript': [ '7.26.8' ],
296 silly audit   '@babel/plugin-transform-unicode-escapes': [ '7.25.9' ],
296 silly audit   '@babel/plugin-transform-unicode-property-regex': [ '7.25.9' ],
296 silly audit   '@babel/plugin-transform-unicode-regex': [ '7.25.9' ],
296 silly audit   '@babel/plugin-transform-unicode-sets-regex': [ '7.25.9' ],
296 silly audit   '@babel/preset-env': [ '7.26.8' ],
296 silly audit   '@babel/preset-modules': [ '0.1.6-no-external-plugins' ],
296 silly audit   '@babel/preset-react': [ '7.26.3' ],
296 silly audit   '@babel/preset-typescript': [ '7.26.0' ],
296 silly audit   '@babel/runtime': [ '7.26.7' ],
296 silly audit   '@babel/template': [ '7.26.8' ],
296 silly audit   '@babel/traverse': [ '7.26.8' ],
296 silly audit   '@babel/types': [ '7.26.8' ],
296 silly audit   '@bcoe/v8-coverage': [ '0.2.3' ],
296 silly audit   '@csstools/normalize.css': [ '12.1.1' ],
296 silly audit   '@csstools/postcss-cascade-layers': [ '1.1.1' ],
296 silly audit   '@csstools/postcss-color-function': [ '1.1.1' ],
296 silly audit   '@csstools/postcss-font-format-keywords': [ '1.0.1' ],
296 silly audit   '@csstools/postcss-hwb-function': [ '1.0.2' ],
296 silly audit   '@csstools/postcss-ic-unit': [ '1.0.1' ],
296 silly audit   '@csstools/postcss-is-pseudo-class': [ '2.0.7' ],
296 silly audit   '@csstools/postcss-nested-calc': [ '1.0.0' ],
296 silly audit   '@csstools/postcss-normalize-display-values': [ '1.0.1' ],
296 silly audit   '@csstools/postcss-oklab-function': [ '1.1.1' ],
296 silly audit   '@csstools/postcss-progressive-custom-properties': [ '1.3.0' ],
296 silly audit   '@csstools/postcss-stepped-value-functions': [ '1.0.1' ],
296 silly audit   '@csstools/postcss-text-decoration-shorthand': [ '1.0.0' ],
296 silly audit   '@csstools/postcss-trigonometric-functions': [ '1.0.2' ],
296 silly audit   '@csstools/postcss-unset-value': [ '1.0.2' ],
296 silly audit   '@csstools/selector-specificity': [ '2.2.0' ],
296 silly audit   '@eslint-community/eslint-utils': [ '4.4.1' ],
296 silly audit   '@eslint-community/regexpp': [ '4.12.1' ],
296 silly audit   '@eslint/eslintrc': [ '2.1.4' ],
296 silly audit   argparse: [ '2.0.1', '1.0.10' ],
296 silly audit   globals: [ '13.24.0', '11.12.0' ],
296 silly audit   'js-yaml': [ '4.1.0', '3.14.1' ],
296 silly audit   'type-fest': [ '0.20.2', '0.16.0', '0.21.3' ],
296 silly audit   '@eslint/js': [ '8.57.1' ],
296 silly audit   '@humanwhocodes/config-array': [ '0.13.0' ],
296 silly audit   '@humanwhocodes/module-importer': [ '1.0.1' ],
296 silly audit   '@humanwhocodes/object-schema': [ '2.0.3' ],
296 silly audit   'ansi-regex': [ '5.0.1', '6.1.0' ],
296 silly audit   'ansi-styles': [ '4.3.0', '3.2.1', '5.2.0', '6.2.1' ],
296 silly audit   'string-width': [ '4.2.3', '5.1.2' ],
296 silly audit   'strip-ansi': [ '6.0.1', '7.1.0' ],
296 silly audit   'wrap-ansi': [ '7.0.0', '8.1.0' ],
296 silly audit   '@istanbuljs/load-nyc-config': [ '1.1.0' ],
296 silly audit   camelcase: [ '5.3.1', '6.3.0' ],
296 silly audit   '@istanbuljs/schema': [ '0.1.3' ],
296 silly audit   '@jest/console': [ '27.5.1', '28.1.3' ],
296 silly audit   '@jest/core': [ '27.5.1' ],
296 silly audit   '@jest/environment': [ '27.5.1' ],
296 silly audit   '@jest/fake-timers': [ '27.5.1' ],
296 silly audit   '@jest/globals': [ '27.5.1' ],
296 silly audit   '@jest/reporters': [ '27.5.1' ],
296 silly audit   'source-map': [ '0.6.1', '0.7.4', '0.8.0-beta.0' ],
296 silly audit   '@jest/schemas': [ '28.1.3' ],
296 silly audit   '@jest/source-map': [ '27.5.1' ],
296 silly audit   '@jest/test-result': [ '27.5.1', '28.1.3' ],
296 silly audit   '@jest/test-sequencer': [ '27.5.1' ],
296 silly audit   '@jest/transform': [ '27.5.1' ],
296 silly audit   'convert-source-map': [ '1.9.0', '2.0.0' ],
296 silly audit   '@jest/types': [ '27.5.1', '28.1.3' ],
296 silly audit   '@jridgewell/gen-mapping': [ '0.3.8' ],
296 silly audit   '@jridgewell/resolve-uri': [ '3.1.2' ],
296 silly audit   '@jridgewell/set-array': [ '1.2.1' ],
296 silly audit   '@jridgewell/source-map': [ '0.3.6' ],
296 silly audit   '@jridgewell/sourcemap-codec': [ '1.5.0' ],
296 silly audit   '@jridgewell/trace-mapping': [ '0.3.25' ],
296 silly audit   '@leichtgewicht/ip-codec': [ '2.0.5' ],
296 silly audit   '@nicolo-ribaudo/eslint-scope-5-internals': [ '5.1.1-v1' ],
296 silly audit   'eslint-scope': [ '5.1.1', '7.2.2' ],
296 silly audit   estraverse: [ '4.3.0', '5.3.0' ],
296 silly audit   '@nodelib/fs.scandir': [ '2.1.5' ],
296 silly audit   '@nodelib/fs.stat': [ '2.0.5' ],
296 silly audit   '@nodelib/fs.walk': [ '1.2.8' ],
296 silly audit   '@pmmmwh/react-refresh-webpack-plugin': [ '0.5.15' ],
296 silly audit   '@rollup/plugin-babel': [ '5.3.1' ],
296 silly audit   '@rollup/plugin-node-resolve': [ '11.2.1' ],
296 silly audit   '@rollup/plugin-replace': [ '2.4.2' ],
296 silly audit   '@rollup/pluginutils': [ '3.1.0' ],
296 silly audit   '@types/estree': [ '0.0.39', '1.0.6' ],
296 silly audit   '@rtsao/scc': [ '1.1.0' ],
296 silly audit   '@rushstack/eslint-patch': [ '1.10.5' ],
296 silly audit   '@sinclair/typebox': [ '0.24.51' ],
296 silly audit   '@sinonjs/commons': [ '1.8.6' ],
296 silly audit   '@sinonjs/fake-timers': [ '8.1.0' ],
296 silly audit   '@surma/rollup-plugin-off-main-thread': [ '2.2.3' ],
296 silly audit   '@svgr/babel-plugin-add-jsx-attribute': [ '5.4.0' ],
296 silly audit   '@svgr/babel-plugin-remove-jsx-attribute': [ '5.4.0' ],
296 silly audit   '@svgr/babel-plugin-remove-jsx-empty-expression': [ '5.0.1' ],
296 silly audit   '@svgr/babel-plugin-replace-jsx-attribute-value': [ '5.0.1' ],
296 silly audit   '@svgr/babel-plugin-svg-dynamic-title': [ '5.4.0' ],
296 silly audit   '@svgr/babel-plugin-svg-em-dimensions': [ '5.4.0' ],
296 silly audit   '@svgr/babel-plugin-transform-react-native-svg': [ '5.4.0' ],
296 silly audit   '@svgr/babel-plugin-transform-svg-component': [ '5.5.0' ],
296 silly audit   '@svgr/babel-preset': [ '5.5.0' ],
296 silly audit   '@svgr/core': [ '5.5.0' ],
296 silly audit   '@svgr/hast-util-to-babel-ast': [ '5.5.0' ],
296 silly audit   '@svgr/plugin-jsx': [ '5.5.0' ],
296 silly audit   '@svgr/plugin-svgo': [ '5.5.0' ],
296 silly audit   '@svgr/webpack': [ '5.5.0' ],
296 silly audit   '@tootallnate/once': [ '1.1.2' ],
296 silly audit   '@trysound/sax': [ '0.2.0' ],
296 silly audit   '@types/babel__core': [ '7.20.5' ],
296 silly audit   '@types/babel__generator': [ '7.6.8' ],
296 silly audit   '@types/babel__template': [ '7.4.4' ],
296 silly audit   '@types/babel__traverse': [ '7.20.6' ],
296 silly audit   '@types/body-parser': [ '1.19.5' ],
296 silly audit   '@types/bonjour': [ '3.5.13' ],
296 silly audit   '@types/connect': [ '3.4.38' ],
296 silly audit   '@types/connect-history-api-fallback': [ '1.5.4' ],
296 silly audit   '@types/eslint': [ '8.56.12' ],
296 silly audit   '@types/eslint-scope': [ '3.7.7' ],
296 silly audit   '@types/express': [ '4.17.21' ],
296 silly audit   '@types/express-serve-static-core': [ '5.0.6', '4.19.6' ],
296 silly audit   '@types/gensync': [ '1.0.4' ],
296 silly audit   '@types/graceful-fs': [ '4.1.9' ],
296 silly audit   '@types/html-minifier-terser': [ '6.1.0' ],
296 silly audit   '@types/http-errors': [ '2.0.4' ],
296 silly audit   '@types/http-proxy': [ '1.17.16' ],
296 silly audit   '@types/istanbul-lib-coverage': [ '2.0.6' ],
296 silly audit   '@types/istanbul-lib-report': [ '3.0.3' ],
296 silly audit   '@types/istanbul-reports': [ '3.0.4' ],
296 silly audit   '@types/json-schema': [ '7.0.15' ],
296 silly audit   '@types/json5': [ '0.0.29' ],
296 silly audit   '@types/mime': [ '1.3.5' ],
296 silly audit   '@types/node': [ '22.13.1' ],
296 silly audit   '@types/node-forge': [ '1.3.11' ],
296 silly audit   '@types/parse-json': [ '4.0.2' ],
296 silly audit   '@types/prettier': [ '2.7.3' ],
296 silly audit   '@types/q': [ '1.5.8' ],
296 silly audit   '@types/qs': [ '6.9.18' ],
296 silly audit   '@types/range-parser': [ '1.2.7' ],
296 silly audit   '@types/resolve': [ '1.17.1' ],
296 silly audit   '@types/retry': [ '0.12.0' ],
296 silly audit   '@types/semver': [ '7.5.8' ],
296 silly audit   '@types/send': [ '0.17.4' ],
296 silly audit   '@types/serve-index': [ '1.9.4' ],
296 silly audit   '@types/serve-static': [ '1.15.7' ],
296 silly audit   '@types/sockjs': [ '0.3.36' ],
296 silly audit   '@types/stack-utils': [ '2.0.3' ],
296 silly audit   '@types/trusted-types': [ '2.0.7' ],
296 silly audit   '@types/ws': [ '8.5.14' ],
296 silly audit   '@types/yargs': [ '16.0.9', '17.0.33' ],
296 silly audit   '@types/yargs-parser': [ '21.0.3' ],
296 silly audit   '@typescript-eslint/eslint-plugin': [ '5.62.0' ],
296 silly audit   '@typescript-eslint/experimental-utils': [ '5.62.0' ],
296 silly audit   '@typescript-eslint/parser': [ '5.62.0' ],
296 silly audit   '@typescript-eslint/scope-manager': [ '5.62.0' ],
296 silly audit   '@typescript-eslint/type-utils': [ '5.62.0' ],
296 silly audit   '@typescript-eslint/types': [ '5.62.0' ],
296 silly audit   '@typescript-eslint/typescript-estree': [ '5.62.0' ],
296 silly audit   '@typescript-eslint/utils': [ '5.62.0' ],
296 silly audit   '@typescript-eslint/visitor-keys': [ '5.62.0' ],
296 silly audit   '@ungap/structured-clone': [ '1.3.0' ],
296 silly audit   '@webassemblyjs/ast': [ '1.14.1' ],
296 silly audit   '@webassemblyjs/floating-point-hex-parser': [ '1.13.2' ],
296 silly audit   '@webassemblyjs/helper-api-error': [ '1.13.2' ],
296 silly audit   '@webassemblyjs/helper-buffer': [ '1.14.1' ],
296 silly audit   '@webassemblyjs/helper-numbers': [ '1.13.2' ],
296 silly audit   '@webassemblyjs/helper-wasm-bytecode': [ '1.13.2' ],
296 silly audit   '@webassemblyjs/helper-wasm-section': [ '1.14.1' ],
296 silly audit   '@webassemblyjs/ieee754': [ '1.13.2' ],
296 silly audit   '@webassemblyjs/leb128': [ '1.13.2' ],
296 silly audit   '@webassemblyjs/utf8': [ '1.13.2' ],
296 silly audit   '@webassemblyjs/wasm-edit': [ '1.14.1' ],
296 silly audit   '@webassemblyjs/wasm-gen': [ '1.14.1' ],
296 silly audit   '@webassemblyjs/wasm-opt': [ '1.14.1' ],
296 silly audit   '@webassemblyjs/wasm-parser': [ '1.14.1' ],
296 silly audit   '@webassemblyjs/wast-printer': [ '1.14.1' ],
296 silly audit   '@xtuc/ieee754': [ '1.2.0' ],
296 silly audit   '@xtuc/long': [ '4.2.2' ],
296 silly audit   abab: [ '2.0.6' ],
296 silly audit   accepts: [ '1.3.8' ],
296 silly audit   negotiator: [ '0.6.3', '0.6.4' ],
296 silly audit   acorn: [ '8.14.0', '7.4.1' ],
296 silly audit   'acorn-globals': [ '6.0.0' ],
296 silly audit   'acorn-jsx': [ '5.3.2' ],
296 silly audit   'acorn-walk': [ '7.2.0' ],
296 silly audit   address: [ '1.2.2' ],
296 silly audit   'adjust-sourcemap-loader': [ '4.0.0' ],
296 silly audit   'agent-base': [ '6.0.2' ],
296 silly audit   ajv: [ '6.12.6', '8.17.1' ],
296 silly audit   'ajv-formats': [ '2.1.1' ],
296 silly audit   'json-schema-traverse': [ '1.0.0', '0.4.1' ],
296 silly audit   'ajv-keywords': [ '3.5.2', '5.1.0' ],
296 silly audit   'ansi-escapes': [ '4.3.2' ],
296 silly audit   'ansi-html': [ '0.0.9' ],
296 silly audit   'ansi-html-community': [ '0.0.8' ],
296 silly audit   anymatch: [ '3.1.3' ],
296 silly audit   'aria-query': [ '5.3.2' ],
296 silly audit   'array-buffer-byte-length': [ '1.0.2' ],
296 silly audit   'array-flatten': [ '1.1.1' ],
296 silly audit   'array-includes': [ '3.1.8' ],
296 silly audit   'array-union': [ '2.1.0' ],
296 silly audit   'array.prototype.findlast': [ '1.2.5' ],
296 silly audit   'array.prototype.findlastindex': [ '1.2.5' ],
296 silly audit   'array.prototype.flat': [ '1.3.3' ],
296 silly audit   'array.prototype.flatmap': [ '1.3.3' ],
296 silly audit   'array.prototype.reduce': [ '1.0.7' ],
296 silly audit   'array.prototype.tosorted': [ '1.1.4' ],
296 silly audit   'arraybuffer.prototype.slice': [ '1.0.4' ],
296 silly audit   asap: [ '2.0.6' ],
296 silly audit   'ast-types-flow': [ '0.0.8' ],
296 silly audit   async: [ '3.2.6' ],
296 silly audit   'async-function': [ '1.0.0' ],
296 silly audit   asynckit: [ '0.4.0' ],
296 silly audit   'at-least-node': [ '1.0.0' ],
296 silly audit   'available-typed-arrays': [ '1.0.7' ],
296 silly audit   'axe-core': [ '4.10.2' ],
296 silly audit   'axobject-query': [ '4.1.0' ],
296 silly audit   'babel-jest': [ '27.5.1' ],
296 silly audit   'babel-loader': [ '8.4.1' ],
296 silly audit   'schema-utils': [ '2.7.1', '3.3.0', '2.7.0', '4.3.0' ],
296 silly audit   'babel-plugin-istanbul': [ '6.1.1' ],
296 silly audit   'babel-plugin-jest-hoist': [ '27.5.1' ],
296 silly audit   'babel-plugin-macros': [ '3.1.0' ],
296 silly audit   'babel-plugin-named-asset-import': [ '0.3.8' ],
296 silly audit   'babel-plugin-polyfill-corejs2': [ '0.4.12' ],
296 silly audit   'babel-plugin-polyfill-regenerator': [ '0.6.3' ],
296 silly audit   'babel-plugin-transform-react-remove-prop-types': [ '0.4.24' ],
296 silly audit   'babel-preset-current-node-syntax': [ '1.1.0' ],
296 silly audit   'babel-preset-jest': [ '27.5.1' ],
296 silly audit   'babel-preset-react-app': [ '10.0.1' ],
296 silly audit   'balanced-match': [ '1.0.2' ],
296 silly audit   batch: [ '0.6.1' ],
296 silly audit   bfj: [ '7.1.0' ],
296 silly audit   'big.js': [ '5.2.2' ],
296 silly audit   'binary-extensions': [ '2.3.0' ],
296 silly audit   bluebird: [ '3.7.2' ],
296 silly audit   'body-parser': [ '1.20.3' ],
296 silly audit   debug: [ '2.6.9', '4.4.0', '3.2.7' ],
296 silly audit   'iconv-lite': [ '0.4.24', '0.6.3' ],
296 silly audit   ms: [ '2.0.0', '2.1.3' ],
296 silly audit   'bonjour-service': [ '1.3.0' ],
296 silly audit   boolbase: [ '1.0.0' ],
296 silly audit   'brace-expansion': [ '1.1.11', '2.0.1' ],
296 silly audit   braces: [ '3.0.3' ],
296 silly audit   'browser-process-hrtime': [ '1.0.0' ],
296 silly audit   browserslist: [ '4.24.4' ],
296 silly audit   bser: [ '2.1.1' ],
296 silly audit   'buffer-from': [ '1.1.2' ],
296 silly audit   'builtin-modules': [ '3.3.0' ],
296 silly audit   bytes: [ '3.1.2' ],
296 silly audit   'call-bind': [ '1.0.8' ],
296 silly audit   'call-bind-apply-helpers': [ '1.0.1' ],
296 silly audit   'call-bound': [ '1.0.3' ],
296 silly audit   callsites: [ '3.1.0' ],
296 silly audit   'camel-case': [ '4.1.2' ],
296 silly audit   'caniuse-api': [ '3.0.0' ],
296 silly audit   'caniuse-lite': [ '1.0.30001699' ],
296 silly audit   'case-sensitive-paths-webpack-plugin': [ '2.4.0' ],
296 silly audit   chalk: [ '4.1.2', '2.4.2' ],
296 silly audit   'char-regex': [ '1.0.2', '2.0.2' ],
296 silly audit   'check-types': [ '11.2.3' ],
296 silly audit   chokidar: [ '3.6.0' ],
296 silly audit   'glob-parent': [ '5.1.2', '6.0.2' ],
296 silly audit   'chrome-trace-event': [ '1.0.4' ],
296 silly audit   'ci-info': [ '3.9.0' ],
296 silly audit   'cjs-module-lexer': [ '1.4.3' ],
296 silly audit   'clean-css': [ '5.3.3' ],
296 silly audit   cliui: [ '7.0.4' ],
296 silly audit   co: [ '4.6.0' ],
296 silly audit   coa: [ '2.0.2' ],
296 silly audit   'color-convert': [ '1.9.3', '2.0.1' ],
296 silly audit   'color-name': [ '1.1.3', '1.1.4' ],
296 silly audit   'escape-string-regexp': [ '1.0.5', '4.0.0', '2.0.0' ],
296 silly audit   'has-flag': [ '3.0.0', '4.0.0' ],
296 silly audit   'supports-color': [ '5.5.0', '8.1.1', '7.2.0' ],
296 silly audit   'collect-v8-coverage': [ '1.0.2' ],
296 silly audit   colord: [ '2.9.3' ],
296 silly audit   colorette: [ '2.0.20' ],
296 silly audit   'combined-stream': [ '1.0.8' ],
296 silly audit   commander: [ '8.3.0', '7.2.0', '2.20.3', '4.1.1' ],
296 silly audit   'common-tags': [ '1.8.2' ],
296 silly audit   commondir: [ '1.0.1' ],
296 silly audit   compressible: [ '2.0.18' ],
296 silly audit   compression: [ '1.8.0' ],
296 silly audit   'concat-map': [ '0.0.1' ],
296 silly audit   'confusing-browser-globals': [ '1.0.11' ],
296 silly audit   'connect-history-api-fallback': [ '2.0.0' ],
296 silly audit   'content-disposition': [ '0.5.4' ],
296 silly audit   'content-type': [ '1.0.5' ],
296 silly audit   cookie: [ '0.7.1' ],
296 silly audit   'cookie-signature': [ '1.0.6' ],
296 silly audit   'core-js': [ '3.40.0' ],
296 silly audit   'core-js-compat': [ '3.40.0' ],
296 silly audit   'core-js-pure': [ '3.40.0' ],
296 silly audit   'core-util-is': [ '1.0.3' ],
296 silly audit   cosmiconfig: [ '7.1.0', '6.0.0' ],
296 silly audit   'cra-template': [ '1.2.0' ],
296 silly audit   'cross-spawn': [ '7.0.6' ],
296 silly audit   'crypto-random-string': [ '2.0.0' ],
296 silly audit   'css-blank-pseudo': [ '3.0.3' ],
296 silly audit   'css-declaration-sorter': [ '6.4.1' ],
296 silly audit   'css-has-pseudo': [ '3.0.4' ],
296 silly audit   'css-loader': [ '6.11.0' ],
296 silly audit   'css-minimizer-webpack-plugin': [ '3.4.1' ],
296 silly audit   'css-prefers-color-scheme': [ '6.0.3' ],
296 silly audit   'css-select': [ '4.3.0', '2.1.0' ],
296 silly audit   'css-select-base-adapter': [ '0.1.1' ],
296 silly audit   'css-tree': [ '1.0.0-alpha.37', '1.1.3' ],
296 silly audit   'css-what': [ '6.1.0', '3.4.2' ],
296 silly audit   cssdb: [ '7.11.2' ],
296 silly audit   cssesc: [ '3.0.0' ],
296 silly audit   cssnano: [ '5.1.15' ],
296 silly audit   'cssnano-preset-default': [ '5.2.14' ],
296 silly audit   'cssnano-utils': [ '3.1.0' ],
296 silly audit   csso: [ '4.2.0' ],
296 silly audit   'mdn-data': [ '2.0.14', '2.0.4' ],
296 silly audit   cssom: [ '0.4.4', '0.3.8' ],
296 silly audit   cssstyle: [ '2.3.0' ],
296 silly audit   'damerau-levenshtein': [ '1.0.8' ],
296 silly audit   'data-urls': [ '2.0.0' ],
296 silly audit   'data-view-buffer': [ '1.0.2' ],
296 silly audit   'data-view-byte-length': [ '1.0.2' ],
296 silly audit   'data-view-byte-offset': [ '1.0.1' ],
296 silly audit   'decimal.js': [ '10.5.0' ],
296 silly audit   dedent: [ '0.7.0' ],
296 silly audit   'deep-is': [ '0.1.4' ],
296 silly audit   deepmerge: [ '4.3.1' ],
296 silly audit   'default-gateway': [ '6.0.3' ],
296 silly audit   'define-data-property': [ '1.1.4' ],
296 silly audit   'define-lazy-prop': [ '2.0.0' ],
296 silly audit   'define-properties': [ '1.2.1' ],
296 silly audit   'delayed-stream': [ '1.0.0' ],
296 silly audit   depd: [ '2.0.0', '1.1.2' ],
296 silly audit   destroy: [ '1.2.0' ],
296 silly audit   'detect-newline': [ '3.1.0' ],
296 silly audit   'detect-node': [ '2.1.0' ],
296 silly audit   'detect-port-alt': [ '1.1.6' ],
296 silly audit   'diff-sequences': [ '27.5.1' ],
296 silly audit   'dir-glob': [ '3.0.1' ],
296 silly audit   'dns-packet': [ '5.6.1' ],
296 silly audit   doctrine: [ '3.0.0', '2.1.0' ],
296 silly audit   'dom-converter': [ '0.2.0' ],
296 silly audit   'dom-serializer': [ '1.4.1', '0.2.2' ],
296 silly audit   domelementtype: [ '2.3.0', '1.3.1' ],
296 silly audit   domexception: [ '2.0.1' ],
296 silly audit   'webidl-conversions': [ '5.0.0', '6.1.0', '4.0.2' ],
296 silly audit   domhandler: [ '4.3.1' ],
296 silly audit   domutils: [ '2.8.0', '1.7.0' ],
296 silly audit   'dot-case': [ '3.0.4' ],
296 silly audit   dotenv: [ '10.0.0' ],
296 silly audit   'dotenv-expand': [ '5.1.0' ],
296 silly audit   'dunder-proto': [ '1.0.1' ],
296 silly audit   duplexer: [ '0.1.2' ],
296 silly audit   'ee-first': [ '1.1.1' ],
296 silly audit   ejs: [ '3.1.10' ],
296 silly audit   'electron-to-chromium': [ '1.5.97' ],
296 silly audit   emittery: [ '0.8.1', '0.10.2' ],
296 silly audit   'emoji-regex': [ '9.2.2', '8.0.0' ],
296 silly audit   'emojis-list': [ '3.0.0' ],
296 silly audit   encodeurl: [ '2.0.0', '1.0.2' ],
296 silly audit   'enhanced-resolve': [ '5.18.1' ],
296 silly audit   entities: [ '2.2.0' ],
296 silly audit   'error-ex': [ '1.3.2' ],
296 silly audit   'error-stack-parser': [ '2.1.4' ],
296 silly audit   'es-abstract': [ '1.23.9' ],
296 silly audit   'es-array-method-boxes-properly': [ '1.0.0' ],
296 silly audit   'es-define-property': [ '1.0.1' ],
296 silly audit   'es-errors': [ '1.3.0' ],
296 silly audit   'es-iterator-helpers': [ '1.2.1' ],
296 silly audit   'es-module-lexer': [ '1.6.0' ],
296 silly audit   'es-object-atoms': [ '1.1.1' ],
296 silly audit   'es-set-tostringtag': [ '2.1.0' ],
296 silly audit   'es-shim-unscopables': [ '1.1.0' ],
296 silly audit   'es-to-primitive': [ '1.3.0' ],
296 silly audit   escalade: [ '3.2.0' ],
296 silly audit   'escape-html': [ '1.0.3' ],
296 silly audit   escodegen: [ '2.1.0', '1.14.3' ],
296 silly audit   eslint: [ '8.57.1' ],
296 silly audit   'eslint-config-react-app': [ '7.0.1' ],
296 silly audit   'eslint-import-resolver-node': [ '0.3.9' ],
296 silly audit   'eslint-module-utils': [ '2.12.0' ],
296 silly audit   'eslint-plugin-flowtype': [ '8.0.3' ],
296 silly audit   'eslint-plugin-import': [ '2.31.0' ],
296 silly audit   'eslint-plugin-jest': [ '25.7.0' ],
296 silly audit   'eslint-plugin-jsx-a11y': [ '6.10.2' ],
296 silly audit   'eslint-plugin-react': [ '7.37.4' ],
296 silly audit   'eslint-plugin-react-hooks': [ '4.6.2' ],
296 silly audit   resolve: [ '2.0.0-next.5', '1.22.10' ],
296 silly audit   'eslint-plugin-testing-library': [ '5.11.1' ],
296 silly audit   'eslint-webpack-plugin': [ '3.2.0' ],
296 silly audit   'jest-worker': [ '28.1.3', '27.5.1', '26.6.2' ],
296 silly audit   'find-up': [ '5.0.0', '4.1.0', '3.0.0' ],
296 silly audit   'locate-path': [ '6.0.0', '5.0.0', '3.0.0' ],
296 silly audit   'p-limit': [ '3.1.0', '2.3.0' ],
296 silly audit   'p-locate': [ '5.0.0', '4.1.0', '3.0.0' ],
296 silly audit   espree: [ '9.6.1' ],
296 silly audit   esprima: [ '4.0.1', '1.2.2' ],
296 silly audit   esquery: [ '1.6.0' ],
296 silly audit   esrecurse: [ '4.3.0' ],
296 silly audit   'estree-walker': [ '1.0.1' ],
296 silly audit   esutils: [ '2.0.3' ],
296 silly audit   etag: [ '1.8.1' ],
296 silly audit   eventemitter3: [ '4.0.7' ],
296 silly audit   events: [ '3.3.0' ],
296 silly audit   execa: [ '5.1.1' ],
296 silly audit   exit: [ '0.1.2' ],
296 silly audit   expect: [ '27.5.1' ],
296 silly audit   express: [ '4.21.2' ],
296 silly audit   'fast-deep-equal': [ '3.1.3' ],
296 silly audit   'fast-glob': [ '3.3.3' ],
296 silly audit   'fast-json-stable-stringify': [ '2.1.0' ],
296 silly audit   'fast-levenshtein': [ '2.0.6' ],
296 silly audit   'fast-uri': [ '3.0.6' ],
296 silly audit   fastq: [ '1.19.0' ],
296 silly audit   'faye-websocket': [ '0.11.4' ],
296 silly audit   'fb-watchman': [ '2.0.2' ],
296 silly audit   'file-entry-cache': [ '6.0.1' ],
296 silly audit   'file-loader': [ '6.2.0' ],
296 silly audit   filelist: [ '1.0.4' ],
296 silly audit   minimatch: [ '5.1.6', '3.1.2', '9.0.5' ],
296 silly audit   filesize: [ '8.0.7' ],
296 silly audit   'fill-range': [ '7.1.1' ],
296 silly audit   finalhandler: [ '1.3.1' ],
296 silly audit   'find-cache-dir': [ '3.3.2' ],
296 silly audit   'flat-cache': [ '3.2.0' ],
296 silly audit   flatted: [ '3.3.2' ],
296 silly audit   'follow-redirects': [ '1.15.9' ],
296 silly audit   'for-each': [ '0.3.5' ],
296 silly audit   'signal-exit': [ '3.0.7', '4.1.0' ],
296 silly audit   'fork-ts-checker-webpack-plugin': [ '6.5.3' ],
296 silly audit   'fs-extra': [ '9.1.0', '10.1.0' ],
296 silly audit   tapable: [ '1.1.3', '2.2.1' ],
296 silly audit   'form-data': [ '3.0.2' ],
296 silly audit   forwarded: [ '0.2.0' ],
296 silly audit   'fraction.js': [ '4.3.7' ],
296 silly audit   fresh: [ '0.5.2' ],
296 silly audit   'fs-monkey': [ '1.0.6' ],
296 silly audit   'fs.realpath': [ '1.0.0' ],
296 silly audit   fsevents: [ '2.3.3' ],
296 silly audit   'function-bind': [ '1.1.2' ],
296 silly audit   'function.prototype.name': [ '1.1.8' ],
296 silly audit   'functions-have-names': [ '1.2.3' ],
296 silly audit   gensync: [ '1.0.0-beta.2' ],
296 silly audit   'get-caller-file': [ '2.0.5' ],
296 silly audit   'get-intrinsic': [ '1.2.7' ],
296 silly audit   'get-own-enumerable-property-symbols': [ '3.0.2' ],
296 silly audit   'get-package-type': [ '0.1.0' ],
296 silly audit   'get-proto': [ '1.0.1' ],
296 silly audit   'get-stream': [ '6.0.1' ],
296 silly audit   'get-symbol-description': [ '1.1.0' ],
296 silly audit   glob: [ '7.2.3', '10.4.5' ],
296 silly audit   'glob-to-regexp': [ '0.4.1' ],
296 silly audit   'global-modules': [ '2.0.0' ],
296 silly audit   'global-prefix': [ '3.0.0' ],
296 silly audit   which: [ '1.3.1', '2.0.2' ],
296 silly audit   globalthis: [ '1.0.4' ],
296 silly audit   globby: [ '11.1.0' ],
296 silly audit   gopd: [ '1.2.0' ],
296 silly audit   'graceful-fs': [ '4.2.11' ],
296 silly audit   graphemer: [ '1.4.0' ],
296 silly audit   'gzip-size': [ '6.0.0' ],
296 silly audit   'handle-thing': [ '2.0.1' ],
296 silly audit   'harmony-reflect': [ '1.6.2' ],
296 silly audit   'has-bigints': [ '1.1.0' ],
296 silly audit   'has-property-descriptors': [ '1.0.2' ],
296 silly audit   'has-proto': [ '1.2.0' ],
296 silly audit   'has-symbols': [ '1.1.0' ],
296 silly audit   'has-tostringtag': [ '1.0.2' ],
296 silly audit   hasown: [ '2.0.2' ],
296 silly audit   he: [ '1.2.0' ],
296 silly audit   hoopy: [ '0.1.4' ],
296 silly audit   'hpack.js': [ '2.1.6' ],
296 silly audit   isarray: [ '1.0.0', '2.0.5' ],
296 silly audit   'readable-stream': [ '2.3.8', '3.6.2' ],
296 silly audit   'safe-buffer': [ '5.1.2', '5.2.1' ],
296 silly audit   string_decoder: [ '1.1.1', '1.3.0' ],
296 silly audit   'html-encoding-sniffer': [ '2.0.1' ],
296 silly audit   'html-entities': [ '2.5.2' ],
296 silly audit   'html-escaper': [ '2.0.2' ],
296 silly audit   'html-minifier-terser': [ '6.1.0' ],
296 silly audit   'html-webpack-plugin': [ '5.6.3' ],
296 silly audit   htmlparser2: [ '6.1.0' ],
296 silly audit   'http-deceiver': [ '1.2.7' ],
296 silly audit   'http-errors': [ '2.0.0', '1.6.3' ],
296 silly audit   'http-parser-js': [ '0.5.9' ],
296 silly audit   'http-proxy': [ '1.18.1' ],
296 silly audit   'http-proxy-agent': [ '4.0.1' ],
296 silly audit   'http-proxy-middleware': [ '2.0.7' ],
296 silly audit   'https-proxy-agent': [ '5.0.1' ],
296 silly audit   'human-signals': [ '2.1.0' ],
296 silly audit   'icss-utils': [ '5.1.0' ],
296 silly audit   idb: [ '7.1.1' ],
296 silly audit   'identity-obj-proxy': [ '3.0.0' ],
296 silly audit   ignore: [ '5.3.2' ],
296 silly audit   immer: [ '9.0.21' ],
296 silly audit   'import-fresh': [ '3.3.1' ],
296 silly audit   'resolve-from': [ '4.0.0', '5.0.0' ],
296 silly audit   'import-local': [ '3.2.0' ],
296 silly audit   imurmurhash: [ '0.1.4' ],
296 silly audit   inflight: [ '1.0.6' ],
296 silly audit   inherits: [ '2.0.4', '2.0.3' ],
296 silly audit   ini: [ '1.3.8' ],
296 silly audit   'internal-slot': [ '1.1.0' ],
296 silly audit   'ipaddr.js': [ '2.2.0', '1.9.1' ],
296 silly audit   'is-array-buffer': [ '3.0.5' ],
296 silly audit   'is-arrayish': [ '0.2.1' ],
296 silly audit   'is-async-function': [ '2.1.1' ],
296 silly audit   'is-bigint': [ '1.1.0' ],
296 silly audit   'is-binary-path': [ '2.1.0' ],
296 silly audit   'is-boolean-object': [ '1.2.2' ],
296 silly audit   'is-callable': [ '1.2.7' ],
296 silly audit   'is-core-module': [ '2.16.1' ],
296 silly audit   'is-data-view': [ '1.0.2' ],
296 silly audit   'is-date-object': [ '1.1.0' ],
296 silly audit   'is-docker': [ '2.2.1' ],
296 silly audit   'is-extglob': [ '2.1.1' ],
296 silly audit   'is-finalizationregistry': [ '1.1.1' ],
296 silly audit   'is-fullwidth-code-point': [ '3.0.0' ],
296 silly audit   'is-generator-fn': [ '2.1.0' ],
296 silly audit   'is-generator-function': [ '1.1.0' ],
296 silly audit   'is-glob': [ '4.0.3' ],
296 silly audit   'is-map': [ '2.0.3' ],
296 silly audit   'is-module': [ '1.0.0' ],
296 silly audit   'is-number': [ '7.0.0' ],
296 silly audit   'is-number-object': [ '1.1.1' ],
296 silly audit   'is-obj': [ '1.0.1' ],
296 silly audit   'is-path-inside': [ '3.0.3' ],
296 silly audit   'is-plain-obj': [ '3.0.0' ],
296 silly audit   'is-potential-custom-element-name': [ '1.0.1' ],
296 silly audit   'is-regex': [ '1.2.1' ],
296 silly audit   'is-regexp': [ '1.0.0' ],
296 silly audit   'is-root': [ '2.1.0' ],
296 silly audit   'is-set': [ '2.0.3' ],
296 silly audit   'is-shared-array-buffer': [ '1.0.4' ],
296 silly audit   'is-stream': [ '2.0.1' ],
296 silly audit   'is-string': [ '1.1.1' ],
296 silly audit   'is-symbol': [ '1.1.1' ],
296 silly audit   'is-typed-array': [ '1.1.15' ],
296 silly audit   'is-typedarray': [ '1.0.0' ],
296 silly audit   'is-weakmap': [ '2.0.2' ],
296 silly audit   'is-weakref': [ '1.1.1' ],
296 silly audit   'is-weakset': [ '2.0.4' ],
296 silly audit   'is-wsl': [ '2.2.0' ],
296 silly audit   isexe: [ '2.0.0' ],
296 silly audit   'istanbul-lib-coverage': [ '3.2.2' ],
296 silly audit   'istanbul-lib-instrument': [ '5.2.1' ],
296 silly audit   'istanbul-lib-report': [ '3.0.1' ],
296 silly audit   'make-dir': [ '4.0.0', '3.1.0' ],
296 silly audit   'istanbul-lib-source-maps': [ '4.0.1' ],
296 silly audit   'istanbul-reports': [ '3.1.7' ],
296 silly audit   'iterator.prototype': [ '1.1.5' ],
296 silly audit   jake: [ '10.9.2' ],
296 silly audit   jest: [ '27.5.1' ],
296 silly audit   'jest-changed-files': [ '27.5.1' ],
296 silly audit   'jest-circus': [ '27.5.1' ],
296 silly audit   'jest-cli': [ '27.5.1' ],
296 silly audit   'jest-config': [ '27.5.1' ],
296 silly audit   'jest-diff': [ '27.5.1' ],
296 silly audit   'jest-docblock': [ '27.5.1' ],
296 silly audit   'jest-each': [ '27.5.1' ],
296 silly audit   'jest-environment-jsdom': [ '27.5.1' ],
296 silly audit   'jest-environment-node': [ '27.5.1' ],
296 silly audit   'jest-get-type': [ '27.5.1' ],
296 silly audit   'jest-haste-map': [ '27.5.1' ],
296 silly audit   'jest-jasmine2': [ '27.5.1' ],
296 silly audit   'jest-leak-detector': [ '27.5.1' ],
296 silly audit   'jest-matcher-utils': [ '27.5.1' ],
296 silly audit   'jest-message-util': [ '27.5.1', '28.1.3' ],
296 silly audit   'jest-mock': [ '27.5.1' ],
296 silly audit   'jest-pnp-resolver': [ '1.2.3' ],
296 silly audit   'jest-regex-util': [ '27.5.1', '28.0.2' ],
296 silly audit   'jest-resolve': [ '27.5.1' ],
296 silly audit   'jest-resolve-dependencies': [ '27.5.1' ],
296 silly audit   'jest-runner': [ '27.5.1' ],
296 silly audit   'jest-runtime': [ '27.5.1' ],
296 silly audit   'jest-serializer': [ '27.5.1' ],
296 silly audit   'jest-snapshot': [ '27.5.1' ],
296 silly audit   'jest-util': [ '27.5.1', '28.1.3' ],
296 silly audit   'jest-validate': [ '27.5.1' ],
296 silly audit   'jest-watch-typeahead': [ '1.1.0' ],
296 silly audit   slash: [ '3.0.0', '4.0.0' ],
296 silly audit   'jest-watcher': [ '28.1.3', '27.5.1' ],
296 silly audit   'string-length': [ '4.0.2', '5.0.1' ],
296 silly audit   'pretty-format': [ '28.1.3', '27.5.1' ],
296 silly audit   'react-is': [ '18.3.1', '16.13.1', '17.0.2' ],
296 silly audit   'js-tokens': [ '4.0.0' ],
296 silly audit   jsdom: [ '16.7.0' ],
296 silly audit   jsesc: [ '3.1.0', '3.0.2' ],
296 silly audit   'json-buffer': [ '3.0.1' ],
296 silly audit   'json-parse-even-better-errors': [ '2.3.1' ],
296 silly audit   'json-schema': [ '0.4.0' ],
296 silly audit   'json-stable-stringify-without-jsonify': [ '1.0.1' ],
296 silly audit   json5: [ '2.2.3', '1.0.2' ],
296 silly audit   jsonfile: [ '6.1.0' ],
296 silly audit   jsonpath: [ '1.1.1' ],
296 silly audit   jsonpointer: [ '5.0.1' ],
296 silly audit   'jsx-ast-utils': [ '3.3.5' ],
296 silly audit   keyv: [ '4.5.4' ],
296 silly audit   'kind-of': [ '6.0.3' ],
296 silly audit   kleur: [ '3.0.3' ],
296 silly audit   klona: [ '2.0.6' ],
296 silly audit   'language-subtag-registry': [ '0.3.23' ],
296 silly audit   'language-tags': [ '1.0.9' ],
296 silly audit   'launch-editor': [ '2.9.1' ],
296 silly audit   leven: [ '3.1.0' ],
296 silly audit   levn: [ '0.4.1', '0.3.0' ],
296 silly audit   lilconfig: [ '2.1.0', '3.1.3' ],
296 silly audit   'lines-and-columns': [ '1.2.4' ],
296 silly audit   'loader-runner': [ '4.3.0' ],
296 silly audit   'loader-utils': [ '2.0.4', '3.3.1' ],
296 silly audit   lodash: [ '4.17.21' ],
296 silly audit   'lodash.debounce': [ '4.0.8' ],
296 silly audit   'lodash.memoize': [ '4.1.2' ],
296 silly audit   'lodash.merge': [ '4.6.2' ],
296 silly audit   'lodash.sortby': [ '4.7.0' ],
296 silly audit   'lodash.uniq': [ '4.5.0' ],
296 silly audit   'loose-envify': [ '1.4.0' ],
296 silly audit   'lower-case': [ '2.0.2' ],
296 silly audit   'lru-cache': [ '5.1.1', '10.4.3' ],
296 silly audit   'magic-string': [ '0.25.9' ],
296 silly audit   makeerror: [ '1.0.12' ],
296 silly audit   'math-intrinsics': [ '1.1.0' ],
296 silly audit   'media-typer': [ '0.3.0' ],
296 silly audit   memfs: [ '3.5.3' ],
296 silly audit   'merge-descriptors': [ '1.0.3' ],
296 silly audit   'merge-stream': [ '2.0.0' ],
296 silly audit   merge2: [ '1.4.1' ],
296 silly audit   methods: [ '1.1.2' ],
296 silly audit   micromatch: [ '4.0.8' ],
296 silly audit   mime: [ '1.6.0' ],
296 silly audit   'mime-db': [ '1.52.0' ],
296 silly audit   'mime-types': [ '2.1.35' ],
296 silly audit   'mimic-fn': [ '2.1.0' ],
296 silly audit   'mini-css-extract-plugin': [ '2.9.2' ],
296 silly audit   'minimalistic-assert': [ '1.0.1' ],
296 silly audit   minimist: [ '1.2.8' ],
296 silly audit   mkdirp: [ '0.5.6' ],
296 silly audit   'multicast-dns': [ '7.2.5' ],
296 silly audit   nanoid: [ '3.3.8' ],
296 silly audit   'natural-compare': [ '1.4.0' ],
296 silly audit   'natural-compare-lite': [ '1.4.0' ],
296 silly audit   'neo-async': [ '2.6.2' ],
296 silly audit   'no-case': [ '3.0.4' ],
296 silly audit   'node-forge': [ '1.3.1' ],
296 silly audit   'node-int64': [ '0.4.0' ],
296 silly audit   'node-releases': [ '2.0.19' ],
296 silly audit   'normalize-path': [ '3.0.0' ],
296 silly audit   'normalize-range': [ '0.1.2' ],
296 silly audit   'normalize-url': [ '6.1.0' ],
296 silly audit   'npm-run-path': [ '4.0.1' ],
296 silly audit   'nth-check': [ '2.1.1', '1.0.2' ],
296 silly audit   nwsapi: [ '2.2.16' ],
296 silly audit   'object-assign': [ '4.1.1' ],
296 silly audit   'object-inspect': [ '1.13.4' ],
296 silly audit   'object-keys': [ '1.1.1' ],
296 silly audit   'object.assign': [ '4.1.7' ],
296 silly audit   'object.entries': [ '1.1.8' ],
296 silly audit   'object.fromentries': [ '2.0.8' ],
296 silly audit   'object.getownpropertydescriptors': [ '2.1.8' ],
296 silly audit   'object.groupby': [ '1.0.3' ],
296 silly audit   'object.values': [ '1.2.1' ],
296 silly audit   obuf: [ '1.1.2' ],
296 silly audit   'on-finished': [ '2.4.1' ],
296 silly audit   'on-headers': [ '1.0.2' ],
296 silly audit   once: [ '1.4.0' ],
296 silly audit   onetime: [ '5.1.2' ],
296 silly audit   open: [ '8.4.2' ],
296 silly audit   optionator: [ '0.9.4', '0.8.3' ],
296 silly audit   'own-keys': [ '1.0.1' ],
296 silly audit   'p-retry': [ '4.6.2' ],
296 silly audit   'p-try': [ '2.2.0' ],
296 silly audit   'param-case': [ '3.0.4' ],
296 silly audit   'parent-module': [ '1.0.1' ],
296 silly audit   'parse-json': [ '5.2.0' ],
296 silly audit   parse5: [ '6.0.1' ],
296 silly audit   parseurl: [ '1.3.3' ],
296 silly audit   'pascal-case': [ '3.1.2' ],
296 silly audit   'path-exists': [ '4.0.0', '3.0.0' ],
296 silly audit   'path-is-absolute': [ '1.0.1' ],
296 silly audit   'path-key': [ '3.1.1' ],
296 silly audit   'path-parse': [ '1.0.7' ],
296 silly audit   'path-to-regexp': [ '0.1.12' ],
296 silly audit   'path-type': [ '4.0.0' ],
296 silly audit   'performance-now': [ '2.1.0' ],
296 silly audit   picocolors: [ '1.1.1', '0.2.1' ],
296 silly audit   picomatch: [ '2.3.1' ],
296 silly audit   pirates: [ '4.0.6' ],
296 silly audit   'pkg-dir': [ '4.2.0' ],
296 silly audit   'pkg-up': [ '3.1.0' ],
296 silly audit   'possible-typed-array-names': [ '1.1.0' ],
296 silly audit   postcss: [ '7.0.39', '8.5.2' ],
296 silly audit   'postcss-attribute-case-insensitive': [ '5.0.2' ],
296 silly audit   'postcss-browser-comments': [ '4.0.0' ],
296 silly audit   'postcss-calc': [ '8.2.4' ],
296 silly audit   'postcss-clamp': [ '4.1.0' ],
296 silly audit   'postcss-color-functional-notation': [ '4.2.4' ],
296 silly audit   'postcss-color-hex-alpha': [ '8.0.4' ],
296 silly audit   'postcss-color-rebeccapurple': [ '7.1.1' ],
296 silly audit   'postcss-colormin': [ '5.3.1' ],
296 silly audit   'postcss-convert-values': [ '5.1.3' ],
296 silly audit   'postcss-custom-media': [ '8.0.2' ],
296 silly audit   'postcss-custom-properties': [ '12.1.11' ],
296 silly audit   'postcss-custom-selectors': [ '6.0.3' ],
296 silly audit   'postcss-dir-pseudo-class': [ '6.0.5' ],
296 silly audit   'postcss-discard-comments': [ '5.1.2' ],
296 silly audit   'postcss-discard-duplicates': [ '5.1.0' ],
296 silly audit   'postcss-discard-empty': [ '5.1.1' ],
296 silly audit   'postcss-discard-overridden': [ '5.1.0' ],
296 silly audit   'postcss-double-position-gradients': [ '3.1.2' ],
296 silly audit   'postcss-env-function': [ '4.0.6' ],
296 silly audit   'postcss-flexbugs-fixes': [ '5.0.2' ],
296 silly audit   'postcss-focus-visible': [ '6.0.4' ],
296 silly audit   'postcss-focus-within': [ '5.0.4' ],
296 silly audit   'postcss-font-variant': [ '5.0.0' ],
296 silly audit   'postcss-gap-properties': [ '3.0.5' ],
296 silly audit   'postcss-image-set-function': [ '4.0.7' ],
296 silly audit   'postcss-initial': [ '4.0.1' ],
296 silly audit   'postcss-lab-function': [ '4.2.1' ],
296 silly audit   yaml: [ '1.10.2', '2.7.0' ],
296 silly audit   'postcss-loader': [ '6.2.1' ],
296 silly audit   'postcss-logical': [ '5.0.4' ],
296 silly audit   'postcss-media-minmax': [ '5.0.0' ],
296 silly audit   'postcss-merge-longhand': [ '5.1.7' ],
296 silly audit   'postcss-merge-rules': [ '5.1.4' ],
296 silly audit   'postcss-minify-font-values': [ '5.1.0' ],
296 silly audit   'postcss-minify-gradients': [ '5.1.1' ],
296 silly audit   'postcss-minify-params': [ '5.1.4' ],
296 silly audit   'postcss-minify-selectors': [ '5.2.1' ],
296 silly audit   'postcss-modules-extract-imports': [ '3.1.0' ],
296 silly audit   'postcss-modules-local-by-default': [ '4.2.0' ],
296 silly audit   'postcss-selector-parser': [ '7.1.0', '6.1.2' ],
296 silly audit   'postcss-modules-scope': [ '3.2.1' ],
296 silly audit   'postcss-modules-values': [ '4.0.0' ],
296 silly audit   'postcss-nesting': [ '10.2.0' ],
296 silly audit   'postcss-normalize': [ '10.0.1' ],
296 silly audit   'postcss-normalize-charset': [ '5.1.0' ],
296 silly audit   'postcss-normalize-display-values': [ '5.1.0' ],
296 silly audit   'postcss-normalize-positions': [ '5.1.1' ],
296 silly audit   'postcss-normalize-repeat-style': [ '5.1.1' ],
296 silly audit   'postcss-normalize-string': [ '5.1.0' ],
296 silly audit   'postcss-normalize-timing-functions': [ '5.1.0' ],
296 silly audit   'postcss-normalize-unicode': [ '5.1.1' ],
296 silly audit   'postcss-normalize-url': [ '5.1.0' ],
296 silly audit   'postcss-normalize-whitespace': [ '5.1.1' ],
296 silly audit   'postcss-opacity-percentage': [ '1.1.3' ],
296 silly audit   'postcss-ordered-values': [ '5.1.3' ],
296 silly audit   'postcss-overflow-shorthand': [ '3.0.4' ],
296 silly audit   'postcss-page-break': [ '3.0.4' ],
296 silly audit   'postcss-place': [ '7.0.5' ],
296 silly audit   'postcss-preset-env': [ '7.8.3' ],
296 silly audit   'postcss-pseudo-class-any-link': [ '7.1.6' ],
296 silly audit   'postcss-reduce-initial': [ '5.1.2' ],
296 silly audit   'postcss-reduce-transforms': [ '5.1.0' ],
296 silly audit   'postcss-replace-overflow-wrap': [ '4.0.0' ],
296 silly audit   'postcss-selector-not': [ '6.0.1' ],
296 silly audit   'postcss-svgo': [ '5.1.0' ],
296 silly audit   svgo: [ '2.8.0', '1.3.2' ],
296 silly audit   'postcss-unique-selectors': [ '5.1.1' ],
296 silly audit   'postcss-value-parser': [ '4.2.0' ],
296 silly audit   'prelude-ls': [ '1.2.1', '1.1.2' ],
296 silly audit   'pretty-bytes': [ '5.6.0' ],
296 silly audit   'pretty-error': [ '4.0.0' ],
296 silly audit   'process-nextick-args': [ '2.0.1' ],
296 silly audit   promise: [ '8.3.0' ],
296 silly audit   prompts: [ '2.4.2' ],
296 silly audit   'prop-types': [ '15.8.1' ],
296 silly audit   'proxy-addr': [ '2.0.7' ],
296 silly audit   psl: [ '1.15.0' ],
296 silly audit   punycode: [ '2.3.1' ],
296 silly audit   q: [ '1.5.1' ],
296 silly audit   qs: [ '6.13.0' ],
296 silly audit   querystringify: [ '2.2.0' ],
296 silly audit   'queue-microtask': [ '1.2.3' ],
296 silly audit   raf: [ '3.4.1' ],
296 silly audit   randombytes: [ '2.1.0' ],
296 silly audit   'range-parser': [ '1.2.1' ],
296 silly audit   'raw-body': [ '2.5.2' ],
296 silly audit   react: [ '19.0.0' ],
296 silly audit   'react-app-polyfill': [ '3.0.0' ],
296 silly audit   'regenerator-runtime': [ '0.13.11', '0.14.1' ],
296 silly audit   'react-dev-utils': [ '12.0.1' ],
296 silly audit   'react-dom': [ '19.0.0' ],
296 silly audit   'react-error-overlay': [ '6.0.11' ],
296 silly audit   'react-refresh': [ '0.11.0' ],
296 silly audit   'react-scripts': [ '5.0.1' ],
296 silly audit   readdirp: [ '3.6.0' ],
296 silly audit   'recursive-readdir': [ '2.2.3' ],
296 silly audit   'reflect.getprototypeof': [ '1.0.10' ],
296 silly audit   regenerate: [ '1.4.2' ],
296 silly audit   'regenerate-unicode-properties': [ '10.2.0' ],
296 silly audit   'regenerator-transform': [ '0.15.2' ],
296 silly audit   'regex-parser': [ '2.3.0' ],
296 silly audit   'regexp.prototype.flags': [ '1.5.4' ],
296 silly audit   'regexpu-core': [ '6.2.0' ],
296 silly audit   regjsgen: [ '0.8.0' ],
296 silly audit   regjsparser: [ '0.12.0' ],
296 silly audit   relateurl: [ '0.2.7' ],
296 silly audit   renderkid: [ '3.0.0' ],
296 silly audit   'require-directory': [ '2.1.1' ],
296 silly audit   'require-from-string': [ '2.0.2' ],
296 silly audit   'requires-port': [ '1.0.0' ],
296 silly audit   'resolve-cwd': [ '3.0.0' ],
296 silly audit   'resolve-url-loader': [ '4.0.0' ],
296 silly audit   'resolve.exports': [ '1.1.1' ],
296 silly audit   retry: [ '0.13.1' ],
296 silly audit   reusify: [ '1.0.4' ],
296 silly audit   rimraf: [ '3.0.2' ],
296 silly audit   rollup: [ '2.79.2' ],
296 silly audit   'rollup-plugin-terser': [ '7.0.2' ],
296 silly audit   'serialize-javascript': [ '4.0.0', '6.0.2' ],
296 silly audit   'run-parallel': [ '1.2.0' ],
296 silly audit   'safe-array-concat': [ '1.1.3' ],
296 silly audit   'safe-push-apply': [ '1.0.0' ],
296 silly audit   'safe-regex-test': [ '1.1.0' ],
296 silly audit   'safer-buffer': [ '2.1.2' ],
296 silly audit   'sanitize.css': [ '13.0.0' ],
296 silly audit   'sass-loader': [ '12.6.0' ],
296 silly audit   sax: [ '1.2.4' ],
296 silly audit   saxes: [ '5.0.1' ],
296 silly audit   scheduler: [ '0.25.0' ],
296 silly audit   'select-hose': [ '2.0.0' ],
296 silly audit   selfsigned: [ '2.4.1' ],
296 silly audit   send: [ '0.19.0' ],
296 silly audit   'serve-index': [ '1.9.1' ],
296 silly audit   setprototypeof: [ '1.1.0', '1.2.0' ],
296 silly audit   statuses: [ '1.5.0', '2.0.1' ],
296 silly audit   'serve-static': [ '1.16.2' ],
296 silly audit   'set-function-length': [ '1.2.2' ],
296 silly audit   'set-function-name': [ '2.0.2' ],
296 silly audit   'set-proto': [ '1.0.0' ],
296 silly audit   'shebang-command': [ '2.0.0' ],
296 silly audit   'shebang-regex': [ '3.0.0' ],
296 silly audit   'shell-quote': [ '1.8.2' ],
296 silly audit   'side-channel': [ '1.1.0' ],
296 silly audit   'side-channel-list': [ '1.0.0' ],
296 silly audit   'side-channel-map': [ '1.0.1' ],
296 silly audit   'side-channel-weakmap': [ '1.0.2' ],
296 silly audit   sisteransi: [ '1.0.5' ],
296 silly audit   sockjs: [ '0.3.24' ],
296 silly audit   'source-list-map': [ '2.0.1' ],
296 silly audit   'source-map-js': [ '1.2.1' ],
296 silly audit   'source-map-loader': [ '3.0.2' ],
296 silly audit   'source-map-support': [ '0.5.21' ],
296 silly audit   'sourcemap-codec': [ '1.4.8' ],
296 silly audit   spdy: [ '4.0.2' ],
296 silly audit   'spdy-transport': [ '3.0.0' ],
296 silly audit   'sprintf-js': [ '1.0.3' ],
296 silly audit   stable: [ '0.1.8' ],
296 silly audit   'stack-utils': [ '2.0.6' ],
296 silly audit   stackframe: [ '1.3.4' ],
296 silly audit   'static-eval': [ '2.0.2' ],
296 silly audit   'type-check': [ '0.3.2', '0.4.0' ],
296 silly audit   'string-natural-compare': [ '3.0.1' ],
296 silly audit   'string.prototype.includes': [ '2.0.1' ],
296 silly audit   'string.prototype.matchall': [ '4.0.12' ],
296 silly audit   'string.prototype.repeat': [ '1.0.0' ],
296 silly audit   'string.prototype.trim': [ '1.2.10' ],
296 silly audit   'string.prototype.trimend': [ '1.0.9' ],
296 silly audit   'string.prototype.trimstart': [ '1.0.8' ],
296 silly audit   'stringify-object': [ '3.3.0' ],
296 silly audit   'strip-bom': [ '4.0.0', '3.0.0' ],
296 silly audit   'strip-comments': [ '2.0.1' ],
296 silly audit   'strip-final-newline': [ '2.0.0' ],
296 silly audit   'strip-json-comments': [ '3.1.1' ],
296 silly audit   'style-loader': [ '3.3.4' ],
296 silly audit   stylehacks: [ '5.1.1' ],
296 silly audit   'supports-hyperlinks': [ '2.3.0' ],
296 silly audit   'supports-preserve-symlinks-flag': [ '1.0.0' ],
296 silly audit   'svg-parser': [ '2.0.4' ],
296 silly audit   'symbol-tree': [ '3.2.4' ],
296 silly audit   'temp-dir': [ '2.0.0' ],
296 silly audit   tempy: [ '0.6.0' ],
296 silly audit   'terminal-link': [ '2.1.1' ],
296 silly audit   terser: [ '5.38.2' ],
296 silly audit   'terser-webpack-plugin': [ '5.3.11' ],
296 silly audit   'test-exclude': [ '6.0.0' ],
296 silly audit   'text-table': [ '0.2.0' ],
296 silly audit   throat: [ '6.0.2' ],
296 silly audit   thunky: [ '1.1.0' ],
296 silly audit   tmpl: [ '1.0.5' ],
296 silly audit   'to-regex-range': [ '5.0.1' ],
296 silly audit   toidentifier: [ '1.0.1' ],
296 silly audit   'tough-cookie': [ '4.1.4' ],
296 silly audit   universalify: [ '0.2.0', '2.0.1' ],
296 silly audit   tr46: [ '2.1.0', '1.0.1' ],
296 silly audit   tryer: [ '1.0.1' ],
296 silly audit   'tsconfig-paths': [ '3.15.0' ],
296 silly audit   tslib: [ '2.8.1', '1.14.1' ],
296 silly audit   tsutils: [ '3.21.0' ],
296 silly audit   'type-detect': [ '4.0.8' ],
296 silly audit   'type-is': [ '1.6.18' ],
296 silly audit   'typed-array-buffer': [ '1.0.3' ],
296 silly audit   'typed-array-byte-length': [ '1.0.3' ],
296 silly audit   'typed-array-byte-offset': [ '1.0.4' ],
296 silly audit   'typed-array-length': [ '1.0.7' ],
296 silly audit   'typedarray-to-buffer': [ '3.1.5' ],
296 silly audit   'unbox-primitive': [ '1.1.0' ],
296 silly audit   underscore: [ '1.12.1' ],
296 silly audit   'undici-types': [ '6.20.0' ],
296 silly audit   'unicode-canonical-property-names-ecmascript': [ '2.0.1' ],
296 silly audit   'unicode-match-property-ecmascript': [ '2.0.0' ],
296 silly audit   'unicode-match-property-value-ecmascript': [ '2.2.0' ],
296 silly audit   'unicode-property-aliases-ecmascript': [ '2.1.0' ],
296 silly audit   'unique-string': [ '2.0.0' ],
296 silly audit   unpipe: [ '1.0.0' ],
296 silly audit   unquote: [ '1.1.1' ],
296 silly audit   upath: [ '1.2.0' ],
296 silly audit   'update-browserslist-db': [ '1.1.2' ],
296 silly audit   'uri-js': [ '4.4.1' ],
296 silly audit   'url-parse': [ '1.5.10' ],
296 silly audit   'util-deprecate': [ '1.0.2' ],
296 silly audit   'util.promisify': [ '1.0.1' ],
296 silly audit   utila: [ '0.4.0' ],
296 silly audit   'utils-merge': [ '1.0.1' ],
296 silly audit   uuid: [ '8.3.2' ],
296 silly audit   'v8-to-istanbul': [ '8.1.1' ],
296 silly audit   vary: [ '1.1.2' ],
296 silly audit   'w3c-hr-time': [ '1.0.2' ],
296 silly audit   'w3c-xmlserializer': [ '2.0.0' ],
296 silly audit   walker: [ '1.0.8' ],
296 silly audit   watchpack: [ '2.4.2' ],
296 silly audit   wbuf: [ '1.7.3' ],
296 silly audit   'web-vitals': [ '4.2.4' ],
296 silly audit   webpack: [ '5.97.1' ],
296 silly audit   'webpack-dev-middleware': [ '5.3.4' ],
296 silly audit   'webpack-dev-server': [ '4.15.2' ],
296 silly audit   ws: [ '8.18.0', '7.5.10' ],
296 silly audit   'webpack-manifest-plugin': [ '4.1.1' ],
296 silly audit   'webpack-sources': [ '2.3.1', '3.2.3', '1.4.3' ],
296 silly audit   'websocket-driver': [ '0.7.4' ],
296 silly audit   'websocket-extensions': [ '0.1.4' ],
296 silly audit   'whatwg-encoding': [ '1.0.5' ],
296 silly audit   'whatwg-fetch': [ '3.6.20' ],
296 silly audit   'whatwg-mimetype': [ '2.3.0' ],
296 silly audit   'whatwg-url': [ '8.7.0', '7.1.0' ],
296 silly audit   'which-boxed-primitive': [ '1.1.1' ],
296 silly audit   'which-builtin-type': [ '1.2.1' ],
296 silly audit   'which-collection': [ '1.0.2' ],
296 silly audit   'which-typed-array': [ '1.1.18' ],
296 silly audit   'word-wrap': [ '1.2.5' ],
296 silly audit   'workbox-background-sync': [ '6.6.0' ],
296 silly audit   'workbox-broadcast-update': [ '6.6.0' ],
296 silly audit   'workbox-build': [ '6.6.0' ],
296 silly audit   '@apideck/better-ajv-errors': [ '0.3.6' ],
296 silly audit   'workbox-cacheable-response': [ '6.6.0' ],
296 silly audit   'workbox-core': [ '6.6.0' ],
296 silly audit   'workbox-expiration': [ '6.6.0' ],
296 silly audit   'workbox-google-analytics': [ '6.6.0' ],
296 silly audit   'workbox-navigation-preload': [ '6.6.0' ],
296 silly audit   'workbox-precaching': [ '6.6.0' ],
296 silly audit   'workbox-range-requests': [ '6.6.0' ],
296 silly audit   'workbox-recipes': [ '6.6.0' ],
296 silly audit   'workbox-routing': [ '6.6.0' ],
296 silly audit   'workbox-strategies': [ '6.6.0' ],
296 silly audit   'workbox-streams': [ '6.6.0' ],
296 silly audit   'workbox-sw': [ '6.6.0' ],
296 silly audit   'workbox-webpack-plugin': [ '6.6.0' ],
296 silly audit   'workbox-window': [ '6.6.0' ],
296 silly audit   wrappy: [ '1.0.2' ],
296 silly audit   'write-file-atomic': [ '3.0.3' ],
296 silly audit   'xml-name-validator': [ '3.0.0' ],
296 silly audit   xmlchars: [ '2.2.0' ],
296 silly audit   y18n: [ '5.0.8' ],
296 silly audit   yallist: [ '3.1.1' ],
296 silly audit   yargs: [ '16.2.0' ],
296 silly audit   'yargs-parser': [ '20.2.9' ],
296 silly audit   'yocto-queue': [ '0.1.0' ],
296 silly audit   autoprefixer: [ '10.4.20' ],
296 silly audit   tailwindcss: [ '4.0.6', '3.4.17' ],
296 silly audit   typescript: [ '4.9.5' ],
296 silly audit   '@alloc/quick-lru': [ '5.2.0' ],
296 silly audit   arg: [ '5.0.2' ],
296 silly audit   didyoumean: [ '1.2.2' ],
296 silly audit   dlv: [ '1.1.3' ],
296 silly audit   jiti: [ '1.21.7' ],
296 silly audit   'object-hash': [ '3.0.0' ],
296 silly audit   'postcss-import': [ '15.1.0' ],
296 silly audit   'postcss-js': [ '4.0.1' ],
296 silly audit   'postcss-load-config': [ '4.0.2' ],
296 silly audit   'postcss-nested': [ '6.2.0' ],
296 silly audit   sucrase: [ '3.35.0' ],
296 silly audit   'read-cache': [ '1.0.0' ],
296 silly audit   'camelcase-css': [ '2.0.1' ],
296 silly audit   pify: [ '2.3.0' ],
296 silly audit   mz: [ '2.7.0' ],
296 silly audit   'ts-interface-checker': [ '0.1.13' ],
296 silly audit   'any-promise': [ '1.3.0' ],
296 silly audit   'thenify-all': [ '1.6.0' ],
296 silly audit   thenify: [ '3.3.1' ],
296 silly audit   'foreground-child': [ '3.3.0' ],
296 silly audit   jackspeak: [ '3.4.3' ],
296 silly audit   minipass: [ '7.1.2' ],
296 silly audit   'package-json-from-dist': [ '1.0.1' ],
296 silly audit   'path-scurry': [ '1.11.1' ],
296 silly audit   '@isaacs/cliui': [ '8.0.2' ],
296 silly audit   '@pkgjs/parseargs': [ '0.11.0' ],
296 silly audit   eastasianwidth: [ '0.2.0' ]
296 silly audit }
297 verbose reify failed optional dependency C:\savannah-informatics-technical-assessment\frontend\node_modules\fsevents
298 silly reify mark deleted [
298 silly reify   'C:\\savannah-informatics-technical-assessment\\frontend\\node_modules\\fsevents'
298 silly reify ]
299 http cache lilconfig@https://registry.npmjs.org/lilconfig/-/lilconfig-3.1.3.tgz 0ms (cache hit)
300 http cache tailwindcss@https://registry.npmjs.org/tailwindcss/-/tailwindcss-4.0.6.tgz 0ms (cache hit)
301 http cache typescript@https://registry.npmjs.org/typescript/-/typescript-4.9.5.tgz 0ms (cache hit)
302 http cache tailwindcss@https://registry.npmjs.org/tailwindcss/-/tailwindcss-3.4.17.tgz 0ms (cache hit)
303 http fetch POST 200 https://registry.npmjs.org/-/npm/v1/security/advisories/bulk 1019ms
304 silly audit report {
304 silly audit report   'nth-check': [
304 silly audit report     {
304 silly audit report       id: 1095141,
304 silly audit report       url: 'https://github.com/advisories/GHSA-rp65-9cf3-cjxr',
304 silly audit report       title: 'Inefficient Regular Expression Complexity in nth-check',
304 silly audit report       severity: 'high',
304 silly audit report       vulnerable_versions: '<2.0.1',
304 silly audit report       cwe: [Array],
304 silly audit report       cvss: [Object]
304 silly audit report     }
304 silly audit report   ],
304 silly audit report   postcss: [
304 silly audit report     {
304 silly audit report       id: 1094544,
304 silly audit report       url: 'https://github.com/advisories/GHSA-7fh5-64p2-3v2j',
304 silly audit report       title: 'PostCSS line return parsing error',
304 silly audit report       severity: 'moderate',
304 silly audit report       vulnerable_versions: '<8.4.31',
304 silly audit report       cwe: [Array],
304 silly audit report       cvss: [Object]
304 silly audit report     }
304 silly audit report   ]
304 silly audit report }
305 silly packumentCache corgi:https://registry.npmjs.org/nth-check cache-miss
306 silly packumentCache corgi:https://registry.npmjs.org/postcss cache-miss
307 http fetch GET 200 https://registry.npmjs.org/postcss 583ms (cache updated)
308 silly packumentCache corgi:https://registry.npmjs.org/postcss set size:undefined disposed:false
309 http fetch GET 200 https://registry.npmjs.org/nth-check 780ms (cache updated)
310 silly packumentCache corgi:https://registry.npmjs.org/nth-check set size:undefined disposed:false
311 silly packumentCache corgi:https://registry.npmjs.org/css-select cache-miss
312 http fetch GET 200 https://registry.npmjs.org/css-select 150ms (cache updated)
313 silly packumentCache corgi:https://registry.npmjs.org/css-select set size:undefined disposed:false
314 silly packumentCache corgi:https://registry.npmjs.org/resolve-url-loader cache-miss
315 http fetch GET 200 https://registry.npmjs.org/resolve-url-loader 207ms (cache updated)
316 silly packumentCache corgi:https://registry.npmjs.org/resolve-url-loader set size:undefined disposed:false
317 silly packumentCache corgi:https://registry.npmjs.org/svgo cache-miss
318 http fetch GET 200 https://registry.npmjs.org/svgo 164ms (cache updated)
319 silly packumentCache corgi:https://registry.npmjs.org/svgo set size:undefined disposed:false
320 silly packumentCache corgi:https://registry.npmjs.org/react-scripts cache-miss
321 http fetch GET 200 https://registry.npmjs.org/react-scripts 835ms (cache updated)
322 silly packumentCache corgi:https://registry.npmjs.org/react-scripts set size:undefined disposed:false
323 silly packumentCache corgi:https://registry.npmjs.org/@svgr%2fplugin-svgo cache-miss
324 http fetch GET 200 https://registry.npmjs.org/@svgr%2fplugin-svgo 538ms (cache updated)
325 silly packumentCache corgi:https://registry.npmjs.org/@svgr%2fplugin-svgo set size:undefined disposed:false
326 silly packumentCache corgi:https://registry.npmjs.org/@svgr%2fwebpack cache-miss
327 http fetch GET 200 https://registry.npmjs.org/@svgr%2fwebpack 867ms (cache updated)
328 silly packumentCache corgi:https://registry.npmjs.org/@svgr%2fwebpack set size:undefined disposed:false
329 silly ADD
330 silly CHANGE node_modules/typescript
331 silly CHANGE node_modules/tailwindcss
332 silly REMOVE node_modules/tailwindcss/node_modules/lilconfig
333 silly ADD node_modules/react-scripts/node_modules/lilconfig
334 silly ADD node_modules/react-scripts/node_modules/tailwindcss
335 verbose cwd C:\savannah-informatics-technical-assessment\frontend
336 verbose os Windows_NT 10.0.19045
337 verbose node v22.13.1
338 verbose npm  v11.1.0
339 verbose exit 0
340 info ok
