0 verbose cli C:\Program Files\nodejs\node.exe C:\Users\naser\AppData\Roaming\npm\node_modules\npm\bin\npm-cli.js
1 info using npm@11.1.0
2 info using node@v22.13.1
3 silly config load:file:C:\Users\naser\AppData\Roaming\npm\node_modules\npm\npmrc
4 silly config load:file:C:\savannah-informatics-technical-assessment\frontend\.npmrc
5 silly config load:file:C:\Users\naser\.npmrc
6 silly config load:file:C:\Users\naser\AppData\Roaming\npm\etc\npmrc
7 verbose title npm list tailwindcss
8 verbose argv "list" "tailwindcss"
9 verbose logfile logs-max:10 dir:C:\savannah-informatics-technical-assessment\frontend\Usersnasernpm-cache\_logs\2025-02-12T09_10_04_892Z-
10 verbose logfile C:\savannah-informatics-technical-assessment\frontend\Usersnasernpm-cache\_logs\2025-02-12T09_10_04_892Z-debug-0.log
11 silly logfile start cleaning logs, removing 1 files
12 silly packumentCache heap:2144075776 maxSize:536018944 maxEntrySize:268009472
13 silly logfile done cleaning log files
14 verbose cwd C:\savannah-informatics-technical-assessment\frontend
15 verbose os Windows_NT 10.0.19045
16 verbose node v22.13.1
17 verbose npm  v11.1.0
18 verbose exit 0
19 info ok
